18:24:20 **** Clean-only build of configuration Debug for project Ensc351Part1 ****
make clean 
rm -rf  ./src/Ensc351Part1.o ./src/PeerX.o ./src/SenderX.o ./src/myIO.o  ./src/Ensc351Part1.d ./src/PeerX.d ./src/SenderX.d ./src/myIO.d  Ensc351Part1
 
18:24:20 **** Build of configuration Debug for project Ensc351Part1 ****
make all 
Building file: ../src/Ensc351Part1.cpp
Invoking: GCC C++ Compiler
g++ -std=c++1y -O0 -g3 -Wall -c -fmessage-length=0 -MMD -MP -MF"src/Ensc351Part1.d" -MT"src/Ensc351Part1.o" -o "src/Ensc351Part1.o" "../src/Ensc351Part1.cpp"
Finished building: ../src/Ensc351Part1.cpp
 
Building file: ../src/PeerX.cpp
Invoking: GCC C++ Compiler
g++ -std=c++1y -O0 -g3 -Wall -c -fmessage-length=0 -MMD -MP -MF"src/PeerX.d" -MT"src/PeerX.o" -o "src/PeerX.o" "../src/PeerX.cpp"
Finished building: ../src/PeerX.cpp
 
Building file: ../src/SenderX.cpp
Invoking: GCC C++ Compiler
g++ -std=c++1y -O0 -g3 -Wall -c -fmessage-length=0 -MMD -MP -MF"src/SenderX.d" -MT"src/SenderX.o" -o "src/SenderX.o" "../src/SenderX.cpp"
Finished building: ../src/SenderX.cpp
 
Building file: ../src/myIO.cpp
Invoking: GCC C++ Compiler
g++ -std=c++1y -O0 -g3 -Wall -c -fmessage-length=0 -MMD -MP -MF"src/myIO.d" -MT"src/myIO.o" -o "src/myIO.o" "../src/myIO.cpp"
Finished building: ../src/myIO.cpp
 
Building target: Ensc351Part1
Invoking: GCC C++ Linker
g++  -o "Ensc351Part1"  ./src/Ensc351Part1.o ./src/PeerX.o ./src/SenderX.o ./src/myIO.o   
Finished building target: Ensc351Part1
 
18:24:30 **** Incremental Build of configuration Debug for project Ensc351Part1 ****
make all 
make: Nothing to be done for 'all'.
17:31:45 **** Build of configuration Debug for project Ensc351Part1 ****
make all 
make: Warning: File 'objects.mk' has modification time 205 s in the future
Building file: ../src/Ensc351Part1.cpp
Invoking: GCC C++ Compiler
g++ -std=c++1y -O0 -g3 -Wall -c -fmessage-length=0 -MMD -MP -MF"src/Ensc351Part1.d" -MT"src/Ensc351Part1.o" -o "src/Ensc351Part1.o" "../src/Ensc351Part1.cpp"
Finished building: ../src/Ensc351Part1.cpp
 
Building file: ../src/PeerX.cpp
Invoking: GCC C++ Compiler
g++ -std=c++1y -O0 -g3 -Wall -c -fmessage-length=0 -MMD -MP -MF"src/PeerX.d" -MT"src/PeerX.o" -o "src/PeerX.o" "../src/PeerX.cpp"
Finished building: ../src/PeerX.cpp
 
Building file: ../src/SenderX.cpp
Invoking: GCC C++ Compiler
g++ -std=c++1y -O0 -g3 -Wall -c -fmessage-length=0 -MMD -MP -MF"src/SenderX.d" -MT"src/SenderX.o" -o "src/SenderX.o" "../src/SenderX.cpp"
Finished building: ../src/SenderX.cpp
 
Building file: ../src/myIO.cpp
Invoking: GCC C++ Compiler
g++ -std=c++1y -O0 -g3 -Wall -c -fmessage-length=0 -MMD -MP -MF"src/myIO.d" -MT"src/myIO.o" -o "src/myIO.o" "../src/myIO.cpp"
Finished building: ../src/myIO.cpp
 
Building target: Ensc351Part1
Invoking: GCC C++ Linker
g++  -o "Ensc351Part1"  ./src/Ensc351Part1.o ./src/PeerX.o ./src/SenderX.o ./src/myIO.o   
Finished building target: Ensc351Part1
 
make: warning:  Clock skew detected.  Your build may be incomplete.
18:31:20 **** Incremental Build of configuration Debug for project Ensc351Part1 ****
make all 
Building file: ../src/SenderX.cpp
Invoking: GCC C++ Compiler
g++ -std=c++1y -O0 -g3 -Wall -c -fmessage-length=0 -MMD -MP -MF"src/SenderX.d" -MT"src/SenderX.o" -o "src/SenderX.o" "../src/SenderX.cpp"
../src/SenderX.cpp: In member function ‘void SenderX::sendFile()’:
../src/SenderX.cpp:93:18: error: expected ‘)’ before ‘;’ token
    genBlk(blkBuf); // prepare next block
                  ^
make: *** [src/SenderX.o] Error 1
src/subdir.mk:27: recipe for target 'src/SenderX.o' failed
18:34:02 **** Incremental Build of configuration Debug for project Ensc351Part1 ****
make all 
Building file: ../src/SenderX.cpp
Invoking: GCC C++ Compiler
g++ -std=c++1y -O0 -g3 -Wall -c -fmessage-length=0 -MMD -MP -MF"src/SenderX.d" -MT"src/SenderX.o" -o "src/SenderX.o" "../src/SenderX.cpp"
Finished building: ../src/SenderX.cpp
 
Building target: Ensc351Part1
Invoking: GCC C++ Linker
g++  -o "Ensc351Part1"  ./src/Ensc351Part1.o ./src/PeerX.o ./src/SenderX.o ./src/myIO.o   
Finished building target: Ensc351Part1
 
18:59:12 **** Incremental Build of configuration Debug for project Ensc351Part1 ****
make all 
Building file: ../src/SenderX.cpp
Invoking: GCC C++ Compiler
g++ -std=c++1y -O0 -g3 -Wall -c -fmessage-length=0 -MMD -MP -MF"src/SenderX.d" -MT"src/SenderX.o" -o "src/SenderX.o" "../src/SenderX.cpp"
Finished building: ../src/SenderX.cpp
 
Building target: Ensc351Part1
Invoking: GCC C++ Linker
g++  -o "Ensc351Part1"  ./src/Ensc351Part1.o ./src/PeerX.o ./src/SenderX.o ./src/myIO.o   
Finished building target: Ensc351Part1
 
19:25:27 **** Incremental Build of configuration Debug for project Ensc351Part1 ****
make all 
Building file: ../src/SenderX.cpp
Invoking: GCC C++ Compiler
g++ -std=c++1y -O0 -g3 -Wall -c -fmessage-length=0 -MMD -MP -MF"src/SenderX.d" -MT"src/SenderX.o" -o "src/SenderX.o" "../src/SenderX.cpp"
../src/SenderX.cpp: In member function ‘void SenderX::genBlk(uint8_t*)’:
../src/SenderX.cpp:66:6: warning: unused variable ‘blkNumCalculated’ [-Wunused-variable]
  int blkNumCalculated = blkNum;
      ^
Finished building: ../src/SenderX.cpp
 
Building target: Ensc351Part1
Invoking: GCC C++ Linker
g++  -o "Ensc351Part1"  ./src/Ensc351Part1.o ./src/PeerX.o ./src/SenderX.o ./src/myIO.o   
Finished building target: Ensc351Part1
 
21:27:14 **** Incremental Build of configuration Debug for project Ensc351Part1 ****
make all 
make: Nothing to be done for 'all'.
14:56:21 **** Incremental Build of configuration Debug for project Ensc351Part1 ****
make all 
make: Nothing to be done for 'all'.
14:56:53 **** Incremental Build of configuration Debug for project Ensc351Part1 ****
make all 
make: Nothing to be done for 'all'.
15:00:19 **** Incremental Build of configuration Debug for project Ensc351Part1 ****
make all 
make: Warning: File 'src/subdir.mk' has modification time 90 s in the future
make: Nothing to be done for 'all'.
make: warning:  Clock skew detected.  Your build may be incomplete.
21:39:37 **** Incremental Build of configuration Debug for project Ensc351Part1 ****
make all 
make: Warning: File 'src/subdir.mk' has modification time 12 s in the future
Building file: ../src/Ensc351Part1.cpp
Invoking: GCC C++ Compiler
g++ -std=c++1y -O0 -g3 -Wall -c -fmessage-length=0 -MMD -MP -MF"src/Ensc351Part1.d" -MT"src/Ensc351Part1.o" -o "src/Ensc351Part1.o" "../src/Ensc351Part1.cpp"
Finished building: ../src/Ensc351Part1.cpp
 
Building file: ../src/PeerX.cpp
Invoking: GCC C++ Compiler
g++ -std=c++1y -O0 -g3 -Wall -c -fmessage-length=0 -MMD -MP -MF"src/PeerX.d" -MT"src/PeerX.o" -o "src/PeerX.o" "../src/PeerX.cpp"
Finished building: ../src/PeerX.cpp
 
Building file: ../src/SenderX.cpp
Invoking: GCC C++ Compiler
g++ -std=c++1y -O0 -g3 -Wall -c -fmessage-length=0 -MMD -MP -MF"src/SenderX.d" -MT"src/SenderX.o" -o "src/SenderX.o" "../src/SenderX.cpp"
Finished building: ../src/SenderX.cpp
 
Building file: ../src/myIO.cpp
Invoking: GCC C++ Compiler
g++ -std=c++1y -O0 -g3 -Wall -c -fmessage-length=0 -MMD -MP -MF"src/myIO.d" -MT"src/myIO.o" -o "src/myIO.o" "../src/myIO.cpp"
Finished building: ../src/myIO.cpp
 
Building target: Ensc351Part1
Invoking: GCC C++ Linker
g++  -o "Ensc351Part1"  ./src/Ensc351Part1.o ./src/PeerX.o ./src/SenderX.o ./src/myIO.o   
Finished building target: Ensc351Part1
 
make: warning:  Clock skew detected.  Your build may be incomplete.
17:01:55 **** Clean-only build of configuration Debug for project Ensc351 ****
make clean 
rm -rf  ./AtomicConsole.o ./ScopedMutex.o ./SocketReadcond.o ./VNPE.o ./ss_api.o  ./ScopedMutex.d ./ss_api.d  ./AtomicConsole.d ./SocketReadcond.d ./VNPE.d  libEnsc351.a
 
17:01:56 **** Build of configuration Debug for project Ensc351 ****
make all 
Building file: ../AtomicConsole.c
Invoking: GCC C Compiler
gcc -O0 -g3 -Wall -c -fmessage-length=0 -MMD -MP -MF"AtomicConsole.d" -MT"AtomicConsole.o" -o "AtomicConsole.o" "../AtomicConsole.c"
Finished building: ../AtomicConsole.c
 
Building file: ../ScopedMutex.cpp
Invoking: GCC C++ Compiler
g++ -std=c++1y -O0 -g3 -Wall -c -fmessage-length=0 -MMD -MP -MF"ScopedMutex.d" -MT"ScopedMutex.o" -o "ScopedMutex.o" "../ScopedMutex.cpp"
Finished building: ../ScopedMutex.cpp
 
Building file: ../SocketReadcond.c
Invoking: GCC C Compiler
gcc -O0 -g3 -Wall -c -fmessage-length=0 -MMD -MP -MF"SocketReadcond.d" -MT"SocketReadcond.o" -o "SocketReadcond.o" "../SocketReadcond.c"
Finished building: ../SocketReadcond.c
 
Building file: ../VNPE.c
Invoking: GCC C Compiler
gcc -O0 -g3 -Wall -c -fmessage-length=0 -MMD -MP -MF"VNPE.d" -MT"VNPE.o" -o "VNPE.o" "../VNPE.c"
Finished building: ../VNPE.c
 
Building file: ../ss_api.cpp
Invoking: GCC C++ Compiler
g++ -std=c++1y -O0 -g3 -Wall -c -fmessage-length=0 -MMD -MP -MF"ss_api.d" -MT"ss_api.o" -o "ss_api.o" "../ss_api.cpp"
Finished building: ../ss_api.cpp
 
Building target: libEnsc351.a
Invoking: GCC Archiver
ar -r  "libEnsc351.a"  ./AtomicConsole.o ./ScopedMutex.o ./SocketReadcond.o ./VNPE.o ./ss_api.o   
ar: creating libEnsc351.a
Finished building target: libEnsc351.a
 
17:01:59 **** Build of configuration Debug for project Ensc351Part2 ****
make all 
Building file: ../src/Ensc351Part2.cpp
Invoking: GCC C++ Compiler
g++ -std=c++1y -I"/media/sf_U_ensc251/workspace-cpp-Neon3/Ensc351Part2/Ensc351" -O0 -g3 -Wall -c -fmessage-length=0 -MMD -MP -MF"src/Ensc351Part2.d" -MT"src/Ensc351Part2.o" -o "src/Ensc351Part2.o" "../src/Ensc351Part2.cpp"
Finished building: ../src/Ensc351Part2.cpp
 
Building file: ../src/Medium.cpp
Invoking: GCC C++ Compiler
g++ -std=c++1y -I"/media/sf_U_ensc251/workspace-cpp-Neon3/Ensc351Part2/Ensc351" -O0 -g3 -Wall -c -fmessage-length=0 -MMD -MP -MF"src/Medium.d" -MT"src/Medium.o" -o "src/Medium.o" "../src/Medium.cpp"
Finished building: ../src/Medium.cpp
 
Building file: ../src/PeerX.cpp
Invoking: GCC C++ Compiler
g++ -std=c++1y -I"/media/sf_U_ensc251/workspace-cpp-Neon3/Ensc351Part2/Ensc351" -O0 -g3 -Wall -c -fmessage-length=0 -MMD -MP -MF"src/PeerX.d" -MT"src/PeerX.o" -o "src/PeerX.o" "../src/PeerX.cpp"
Finished building: ../src/PeerX.cpp
 
Building file: ../src/ReceiverX.cpp
Invoking: GCC C++ Compiler
g++ -std=c++1y -I"/media/sf_U_ensc251/workspace-cpp-Neon3/Ensc351Part2/Ensc351" -O0 -g3 -Wall -c -fmessage-length=0 -MMD -MP -MF"src/ReceiverX.d" -MT"src/ReceiverX.o" -o "src/ReceiverX.o" "../src/ReceiverX.cpp"
Finished building: ../src/ReceiverX.cpp
 
Building file: ../src/SenderX.cpp
Invoking: GCC C++ Compiler
g++ -std=c++1y -I"/media/sf_U_ensc251/workspace-cpp-Neon3/Ensc351Part2/Ensc351" -O0 -g3 -Wall -c -fmessage-length=0 -MMD -MP -MF"src/SenderX.d" -MT"src/SenderX.o" -o "src/SenderX.o" "../src/SenderX.cpp"
Finished building: ../src/SenderX.cpp
 
Building file: ../src/myIO.cpp
Invoking: GCC C++ Compiler
g++ -std=c++1y -I"/media/sf_U_ensc251/workspace-cpp-Neon3/Ensc351Part2/Ensc351" -O0 -g3 -Wall -c -fmessage-length=0 -MMD -MP -MF"src/myIO.d" -MT"src/myIO.o" -o "src/myIO.o" "../src/myIO.cpp"
Finished building: ../src/myIO.cpp
 
Building target: Ensc351Part2
Invoking: GCC C++ Linker
g++ -L"/media/sf_U_ensc251/workspace-cpp-Neon3/Ensc351Part2/Ensc351/Debug" -o "Ensc351Part2"  ./src/Ensc351Part2.o ./src/Medium.o ./src/PeerX.o ./src/ReceiverX.o ./src/SenderX.o ./src/myIO.o   -lEnsc351 -lpthread
Finished building target: Ensc351Part2
 
17:02:09 **** Incremental Build of configuration Debug for project Ensc351 ****
make all 
make: Nothing to be done for 'all'.
17:02:09 **** Incremental Build of configuration Debug for project Ensc351Part2 ****
make all 
make: Nothing to be done for 'all'.
17:14:16 **** Incremental Build of configuration Debug for project Ensc351 ****
make all 
make: Nothing to be done for 'all'.
17:14:16 **** Incremental Build of configuration Debug for project Ensc351Part1 ****
make all 
Building file: ../src/Ensc351Part1.cpp
Invoking: GCC C++ Compiler
g++ -std=c++1y -O0 -g3 -Wall -c -fmessage-length=0 -MMD -MP -MF"src/Ensc351Part1.d" -MT"src/Ensc351Part1.o" -o "src/Ensc351Part1.o" "../src/Ensc351Part1.cpp"
Finished building: ../src/Ensc351Part1.cpp
 
Building file: ../src/PeerX.cpp
Invoking: GCC C++ Compiler
g++ -std=c++1y -O0 -g3 -Wall -c -fmessage-length=0 -MMD -MP -MF"src/PeerX.d" -MT"src/PeerX.o" -o "src/PeerX.o" "../src/PeerX.cpp"
Finished building: ../src/PeerX.cpp
 
Building file: ../src/SenderX.cpp
Invoking: GCC C++ Compiler
g++ -std=c++1y -O0 -g3 -Wall -c -fmessage-length=0 -MMD -MP -MF"src/SenderX.d" -MT"src/SenderX.o" -o "src/SenderX.o" "../src/SenderX.cpp"
Finished building: ../src/SenderX.cpp
 
Building file: ../src/myIO.cpp
Invoking: GCC C++ Compiler
g++ -std=c++1y -O0 -g3 -Wall -c -fmessage-length=0 -MMD -MP -MF"src/myIO.d" -MT"src/myIO.o" -o "src/myIO.o" "../src/myIO.cpp"
Finished building: ../src/myIO.cpp
 
Building target: Ensc351Part1
Invoking: GCC C++ Linker
g++  -o "Ensc351Part1"  ./src/Ensc351Part1.o ./src/PeerX.o ./src/SenderX.o ./src/myIO.o   
Finished building target: Ensc351Part1
 
17:14:20 **** Incremental Build of configuration Debug for project Ensc351Part2 ****
make all 
Building file: ../src/Medium.cpp
Invoking: GCC C++ Compiler
g++ -std=c++1y -I"/media/sf_U_ensc251/workspace-cpp-Neon3/Ensc351Part2/Ensc351" -O0 -g3 -Wall -c -fmessage-length=0 -MMD -MP -MF"src/Medium.d" -MT"src/Medium.o" -o "src/Medium.o" "../src/Medium.cpp"
Finished building: ../src/Medium.cpp
 
Building target: Ensc351Part2
Invoking: GCC C++ Linker
g++ -L"/media/sf_U_ensc251/workspace-cpp-Neon3/Ensc351Part2/Ensc351/Debug" -o "Ensc351Part2"  ./src/Ensc351Part2.o ./src/Medium.o ./src/PeerX.o ./src/ReceiverX.o ./src/SenderX.o ./src/myIO.o   -lEnsc351 -lpthread
Finished building target: Ensc351Part2
 
17:14:24 **** Incremental Build of configuration Debug for project Ensc351 ****
make all 
make: Nothing to be done for 'all'.
17:14:25 **** Incremental Build of configuration Debug for project Ensc351Part2 ****
make all 
make: Nothing to be done for 'all'.
19:01:57 **** Incremental Build of configuration Debug for project Ensc351 ****
make all 
make: Nothing to be done for 'all'.
19:01:58 **** Incremental Build of configuration Debug for project Ensc351Part1 ****
make all 
make: Nothing to be done for 'all'.
19:01:58 **** Incremental Build of configuration Debug for project Ensc351Part2 ****
make all 
Building file: ../src/SenderX.cpp
Invoking: GCC C++ Compiler
g++ -std=c++1y -I"/media/sf_U_ensc251/workspace-cpp-Neon3/Ensc351Part2/Ensc351" -O0 -g3 -Wall -c -fmessage-length=0 -MMD -MP -MF"src/SenderX.d" -MT"src/SenderX.o" -o "src/SenderX.o" "../src/SenderX.cpp"
Finished building: ../src/SenderX.cpp
 
Building target: Ensc351Part2
Invoking: GCC C++ Linker
g++ -L"/media/sf_U_ensc251/workspace-cpp-Neon3/Ensc351Part2/Ensc351/Debug" -o "Ensc351Part2"  ./src/Ensc351Part2.o ./src/Medium.o ./src/PeerX.o ./src/ReceiverX.o ./src/SenderX.o ./src/myIO.o   -lEnsc351 -lpthread
Finished building target: Ensc351Part2
 
00:20:27 **** Build of configuration Debug for project Ensc351 ****
make all 
Building file: ../AtomicConsole.c
Invoking: GCC C Compiler
gcc -O0 -g3 -Wall -c -fmessage-length=0 -MMD -MP -MF"AtomicConsole.d" -MT"AtomicConsole.o" -o "AtomicConsole.o" "../AtomicConsole.c"
Finished building: ../AtomicConsole.c
 
Building file: ../ScopedMutex.cpp
Invoking: GCC C++ Compiler
g++ -std=c++1y -O0 -g3 -Wall -c -fmessage-length=0 -MMD -MP -MF"ScopedMutex.d" -MT"ScopedMutex.o" -o "ScopedMutex.o" "../ScopedMutex.cpp"
Finished building: ../ScopedMutex.cpp
 
Building file: ../SocketReadcond.c
Invoking: GCC C Compiler
gcc -O0 -g3 -Wall -c -fmessage-length=0 -MMD -MP -MF"SocketReadcond.d" -MT"SocketReadcond.o" -o "SocketReadcond.o" "../SocketReadcond.c"
Finished building: ../SocketReadcond.c
 
Building file: ../VNPE.c
Invoking: GCC C Compiler
gcc -O0 -g3 -Wall -c -fmessage-length=0 -MMD -MP -MF"VNPE.d" -MT"VNPE.o" -o "VNPE.o" "../VNPE.c"
Finished building: ../VNPE.c
 
Building file: ../ss_api.cpp
Invoking: GCC C++ Compiler
g++ -std=c++1y -O0 -g3 -Wall -c -fmessage-length=0 -MMD -MP -MF"ss_api.d" -MT"ss_api.o" -o "ss_api.o" "../ss_api.cpp"
Finished building: ../ss_api.cpp
 
Building target: libEnsc351.a
Invoking: GCC Archiver
ar -r  "libEnsc351.a"  ./AtomicConsole.o ./ScopedMutex.o ./SocketReadcond.o ./VNPE.o ./ss_api.o   
ar: creating libEnsc351.a
Finished building target: libEnsc351.a
 
00:20:33 **** Build of configuration Debug for project Ensc351x-myio ****
make all 
Building file: ../myIO.cpp
Invoking: GCC C++ Compiler
g++ -std=c++1y -I"/media/sf_U_ensc251/workspace-cpp-Neon3/Ensc351Part2-soln-updated/Ensc351x-myio" -I"/media/sf_U_ensc251/workspace-cpp-Neon3/Ensc351Part2/Ensc351" -O0 -g3 -Wall -c -fmessage-length=0 -MMD -MP -MF"myIO.d" -MT"myIO.o" -o "myIO.o" "../myIO.cpp"
Finished building: ../myIO.cpp
 
Building target: libEnsc351x-myio.a
Invoking: GCC Archiver
ar -r  "libEnsc351x-myio.a"  ./myIO.o   
ar: creating libEnsc351x-myio.a
Finished building target: libEnsc351x-myio.a
 
00:20:34 **** Build of configuration Debug for project Ensc351xmodem ****
make all 
Building file: ../PeerX.cpp
Invoking: GCC C++ Compiler
g++ -std=c++1y -I"/media/sf_U_ensc251/workspace-cpp-Neon3/Ensc351Part2/Ensc351" -I"/media/sf_U_ensc251/workspace-cpp-Neon3/Ensc351Part2-soln-updated/Ensc351x-myio" -I"/media/sf_U_ensc251/workspace-cpp-Neon3/Ensc351Part2-soln-updated/Ensc351Part2CodedBySmartState/src" -O0 -g3 -Wall -c -fmessage-length=0 -MMD -MP -MF"PeerX.d" -MT"PeerX.o" -o "PeerX.o" "../PeerX.cpp"
Finished building: ../PeerX.cpp
 
Building file: ../ReceiverX.cpp
Invoking: GCC C++ Compiler
g++ -std=c++1y -I"/media/sf_U_ensc251/workspace-cpp-Neon3/Ensc351Part2/Ensc351" -I"/media/sf_U_ensc251/workspace-cpp-Neon3/Ensc351Part2-soln-updated/Ensc351x-myio" -I"/media/sf_U_ensc251/workspace-cpp-Neon3/Ensc351Part2-soln-updated/Ensc351Part2CodedBySmartState/src" -O0 -g3 -Wall -c -fmessage-length=0 -MMD -MP -MF"ReceiverX.d" -MT"ReceiverX.o" -o "ReceiverX.o" "../ReceiverX.cpp"
Finished building: ../ReceiverX.cpp
 
Building file: ../SenderX.cpp
Invoking: GCC C++ Compiler
g++ -std=c++1y -I"/media/sf_U_ensc251/workspace-cpp-Neon3/Ensc351Part2/Ensc351" -I"/media/sf_U_ensc251/workspace-cpp-Neon3/Ensc351Part2-soln-updated/Ensc351x-myio" -I"/media/sf_U_ensc251/workspace-cpp-Neon3/Ensc351Part2-soln-updated/Ensc351Part2CodedBySmartState/src" -O0 -g3 -Wall -c -fmessage-length=0 -MMD -MP -MF"SenderX.d" -MT"SenderX.o" -o "SenderX.o" "../SenderX.cpp"
Finished building: ../SenderX.cpp
 
Building target: libEnsc351xmodem.a
Invoking: GCC Archiver
ar -r  "libEnsc351xmodem.a"  ./PeerX.o ./ReceiverX.o ./SenderX.o   
ar: creating libEnsc351xmodem.a
Finished building target: libEnsc351xmodem.a
 
00:20:42 **** Build of configuration Debug for project Ensc351Part2SolnLib ****
make all 
Building file: ../Medium.cpp
Invoking: GCC C++ Compiler
g++ -std=c++1y -I"/media/sf_U_ensc251/workspace-cpp-Neon3/Ensc351Part2-soln-updated/Ensc351x-myio" -I"/media/sf_U_ensc251/workspace-cpp-Neon3/Ensc351Part2/Ensc351" -I"/media/sf_U_ensc251/workspace-cpp-Neon3/Ensc351Part2-soln-updated/Ensc351xmodem" -O0 -g3 -Wall -c -fmessage-length=0 -MMD -MP -MF"Medium.d" -MT"Medium.o" -o "Medium.o" "../Medium.cpp"
Finished building: ../Medium.cpp
 
Building file: ../main.cc
Invoking: GCC C++ Compiler
g++ -std=c++1y -I"/media/sf_U_ensc251/workspace-cpp-Neon3/Ensc351Part2-soln-updated/Ensc351x-myio" -I"/media/sf_U_ensc251/workspace-cpp-Neon3/Ensc351Part2/Ensc351" -I"/media/sf_U_ensc251/workspace-cpp-Neon3/Ensc351Part2-soln-updated/Ensc351xmodem" -O0 -g3 -Wall -c -fmessage-length=0 -MMD -MP -MF"main.d" -MT"main.o" -o "main.o" "../main.cc"
Finished building: ../main.cc
 
Building target: libEnsc351Part2SolnLib.a
Invoking: GCC Archiver
ar -r  "libEnsc351Part2SolnLib.a"  ./Medium.o ./main.o   
ar: creating libEnsc351Part2SolnLib.a
Finished building target: libEnsc351Part2SolnLib.a
 
00:20:50 **** Clean-only build of configuration Debug for project Ensc351Part2HandCoded ****
make clean 
rm -rf  ./src/ReceiverSS.o ./src/SenderSS.o  ./src/ReceiverSS.d ./src/SenderSS.d  Ensc351Part2HandCoded
 
00:20:51 **** Build of configuration Debug for project Ensc351Part2HandCoded ****
make all 
Building file: ../src/ReceiverSS.cpp
Invoking: GCC C++ Compiler
g++ -std=c++1y -I"/media/sf_U_ensc251/workspace-cpp-Neon3/Ensc351Part2-soln-updated/Ensc351x-myio" -I"/media/sf_U_ensc251/workspace-cpp-Neon3/Ensc351Part2-soln-updated/Ensc351xmodem" -I"/media/sf_U_ensc251/workspace-cpp-Neon3/Ensc351Part2/Ensc351" -O0 -g3 -Wall -c -fmessage-length=0 -MMD -MP -MF"src/ReceiverSS.d" -MT"src/ReceiverSS.o" -o "src/ReceiverSS.o" "../src/ReceiverSS.cpp"
Finished building: ../src/ReceiverSS.cpp
 
Building file: ../src/SenderSS.cpp
Invoking: GCC C++ Compiler
g++ -std=c++1y -I"/media/sf_U_ensc251/workspace-cpp-Neon3/Ensc351Part2-soln-updated/Ensc351x-myio" -I"/media/sf_U_ensc251/workspace-cpp-Neon3/Ensc351Part2-soln-updated/Ensc351xmodem" -I"/media/sf_U_ensc251/workspace-cpp-Neon3/Ensc351Part2/Ensc351" -O0 -g3 -Wall -c -fmessage-length=0 -MMD -MP -MF"src/SenderSS.d" -MT"src/SenderSS.o" -o "src/SenderSS.o" "../src/SenderSS.cpp"
Finished building: ../src/SenderSS.cpp
 
Building target: Ensc351Part2HandCoded
Invoking: GCC C++ Linker
g++ -L"/media/sf_U_ensc251/workspace-cpp-Neon3/Ensc351Part2-soln-updated/Ensc351x-myio/Debug" -L"/media/sf_U_ensc251/workspace-cpp-Neon3/Ensc351Part2/Ensc351/Debug" -L"/media/sf_U_ensc251/workspace-cpp-Neon3/Ensc351Part2-soln-updated/Ensc351xmodem/Debug" -L"/media/sf_U_ensc251/workspace-cpp-Neon3/Ensc351Part2-soln-updated/Ensc351Part2SolnLib/Debug" -o "Ensc351Part2HandCoded"  ./src/ReceiverSS.o ./src/SenderSS.o   -lEnsc351Part2SolnLib -lEnsc351xmodem -lEnsc351x-myio -lEnsc351 -lpthread
Finished building target: Ensc351Part2HandCoded
 
00:21:01 **** Clean-only build of configuration Debug for project Ensc351Part2CodedBySmartState ****
make clean 
rm -rf  ./src/ReceiverSS.o ./src/SenderSS.o  ./src/ReceiverSS.d ./src/SenderSS.d  Ensc351Part2CodedBySmartState
 
00:21:02 **** Build of configuration Debug for project Ensc351Part2CodedBySmartState ****
make all 
Building file: ../src/ReceiverSS.cpp
Invoking: GCC C++ Compiler
g++ -std=c++1y -I"/media/sf_U_ensc251/workspace-cpp-Neon3/Ensc351Part2-soln-updated/Ensc351x-myio" -I"/media/sf_U_ensc251/workspace-cpp-Neon3/Ensc351Part2-soln-updated/Ensc351xmodem" -I"/media/sf_U_ensc251/workspace-cpp-Neon3/Ensc351Part2/Ensc351" -O0 -g3 -Wall -c -fmessage-length=0 -Wno-unused-variable -Wno-unknown-pragmas -MMD -MP -MF"src/ReceiverSS.d" -MT"src/ReceiverSS.o" -o "src/ReceiverSS.o" "../src/ReceiverSS.cpp"
Finished building: ../src/ReceiverSS.cpp
 
Building file: ../src/SenderSS.cpp
Invoking: GCC C++ Compiler
g++ -std=c++1y -I"/media/sf_U_ensc251/workspace-cpp-Neon3/Ensc351Part2-soln-updated/Ensc351x-myio" -I"/media/sf_U_ensc251/workspace-cpp-Neon3/Ensc351Part2-soln-updated/Ensc351xmodem" -I"/media/sf_U_ensc251/workspace-cpp-Neon3/Ensc351Part2/Ensc351" -O0 -g3 -Wall -c -fmessage-length=0 -Wno-unused-variable -Wno-unknown-pragmas -MMD -MP -MF"src/SenderSS.d" -MT"src/SenderSS.o" -o "src/SenderSS.o" "../src/SenderSS.cpp"
Finished building: ../src/SenderSS.cpp
 
Building target: Ensc351Part2CodedBySmartState
Invoking: GCC C++ Linker
g++ -L"/media/sf_U_ensc251/workspace-cpp-Neon3/Ensc351Part2-soln-updated/Ensc351x-myio/Debug" -L"/media/sf_U_ensc251/workspace-cpp-Neon3/Ensc351Part2/Ensc351/Debug" -L"/media/sf_U_ensc251/workspace-cpp-Neon3/Ensc351Part2-soln-updated/Ensc351xmodem/Debug" -L"/media/sf_U_ensc251/workspace-cpp-Neon3/Ensc351Part2-soln-updated/Ensc351Part2SolnLib/Debug" -o "Ensc351Part2CodedBySmartState"  ./src/ReceiverSS.o ./src/SenderSS.o   -lEnsc351Part2SolnLib -lEnsc351x-myio -lEnsc351xmodem -lEnsc351 -lpthread
Finished building target: Ensc351Part2CodedBySmartState
 
00:21:34 **** Incremental Build of configuration Debug for project Ensc351 ****
make all 
make: Nothing to be done for 'all'.
00:21:35 **** Incremental Build of configuration Debug for project Ensc351x-myio ****
make all 
make: Nothing to be done for 'all'.
00:21:35 **** Incremental Build of configuration Debug for project Ensc351xmodem ****
make all 
make: Nothing to be done for 'all'.
00:21:35 **** Incremental Build of configuration Debug for project Ensc351Part2SolnLib ****
make all 
make: Nothing to be done for 'all'.
00:21:36 **** Incremental Build of configuration Debug for project Ensc351Part2HandCoded ****
make all 
make: Nothing to be done for 'all'.
00:29:22 **** Build of configuration Debug for project Ensc351 ****
make all 
Building file: ../AtomicConsole.c
Invoking: GCC C Compiler
gcc -O0 -g3 -Wall -c -fmessage-length=0 -MMD -MP -MF"AtomicConsole.d" -MT"AtomicConsole.o" -o "AtomicConsole.o" "../AtomicConsole.c"
Finished building: ../AtomicConsole.c
 
Building file: ../ScopedMutex.cpp
Invoking: GCC C++ Compiler
g++ -std=c++1y -O0 -g3 -Wall -c -fmessage-length=0 -MMD -MP -MF"ScopedMutex.d" -MT"ScopedMutex.o" -o "ScopedMutex.o" "../ScopedMutex.cpp"
Finished building: ../ScopedMutex.cpp
 
Building file: ../SocketReadcond.c
Invoking: GCC C Compiler
gcc -O0 -g3 -Wall -c -fmessage-length=0 -MMD -MP -MF"SocketReadcond.d" -MT"SocketReadcond.o" -o "SocketReadcond.o" "../SocketReadcond.c"
Finished building: ../SocketReadcond.c
 
Building file: ../VNPE.c
Invoking: GCC C Compiler
gcc -O0 -g3 -Wall -c -fmessage-length=0 -MMD -MP -MF"VNPE.d" -MT"VNPE.o" -o "VNPE.o" "../VNPE.c"
Finished building: ../VNPE.c
 
Building file: ../ss_api.cpp
Invoking: GCC C++ Compiler
g++ -std=c++1y -O0 -g3 -Wall -c -fmessage-length=0 -MMD -MP -MF"ss_api.d" -MT"ss_api.o" -o "ss_api.o" "../ss_api.cpp"
Finished building: ../ss_api.cpp
 
Building target: libEnsc351.a
Invoking: GCC Archiver
ar -r  "libEnsc351.a"  ./AtomicConsole.o ./ScopedMutex.o ./SocketReadcond.o ./VNPE.o ./ss_api.o   
ar: creating libEnsc351.a
Finished building target: libEnsc351.a
 
00:29:28 **** Build of configuration Debug for project Ensc351x-myio ****
make all 
Building file: ../myIO.cpp
Invoking: GCC C++ Compiler
g++ -std=c++1y -I"/media/sf_U_ensc251/workspace-cpp-Neon3/Ensc351Part2/Ensc351Part2-soln-updated/Ensc351x-myio" -I"/media/sf_U_ensc251/workspace-cpp-Neon3/Ensc351Part2/Ensc351" -O0 -g3 -Wall -c -fmessage-length=0 -MMD -MP -MF"myIO.d" -MT"myIO.o" -o "myIO.o" "../myIO.cpp"
Finished building: ../myIO.cpp
 
Building target: libEnsc351x-myio.a
Invoking: GCC Archiver
ar -r  "libEnsc351x-myio.a"  ./myIO.o   
ar: creating libEnsc351x-myio.a
Finished building target: libEnsc351x-myio.a
 
00:29:33 **** Build of configuration Debug for project Ensc351xmodem ****
make all 
make: Nothing to be done for 'all'.
00:29:34 **** Build of configuration Debug for project Ensc351Part2SolnLib ****
make all 
make: Nothing to be done for 'all'.
00:29:35 **** Build of configuration Debug for project Ensc351Part2HandCoded ****
make all 
Building target: Ensc351Part2HandCoded
Invoking: GCC C++ Linker
g++ -L"/media/sf_U_ensc251/workspace-cpp-Neon3/Ensc351Part2/Ensc351Part2-soln-updated/Ensc351x-myio/Debug" -L"/media/sf_U_ensc251/workspace-cpp-Neon3/Ensc351Part2/Ensc351/Debug" -L"/media/sf_U_ensc251/workspace-cpp-Neon3/Ensc351Part2/Ensc351Part2-soln-updated/Ensc351xmodem/Debug" -L"/media/sf_U_ensc251/workspace-cpp-Neon3/Ensc351Part2/Ensc351Part2-soln-updated/Ensc351Part2SolnLib/Debug" -o "Ensc351Part2HandCoded"  ./src/ReceiverSS.o ./src/SenderSS.o   -lEnsc351Part2SolnLib -lEnsc351xmodem -lEnsc351x-myio -lEnsc351 -lpthread
/media/sf_U_ensc251/workspace-cpp-Neon3/Ensc351Part2/Ensc351Part2-soln-updated/Ensc351Part2SolnLib/Debug/libEnsc351Part2SolnLib.a(main.o): In function `termFunc(int)':
/media/sf_U_ensc251/workspace-cpp-Neon3/Ensc351Part2-soln-updated/Ensc351Part2SolnLib/Debug/../main.cc:75: undefined reference to `myClose(int)'
makefile:48: recipe for target 'Ensc351Part2HandCoded' failed
/media/sf_U_ensc251/workspace-cpp-Neon3/Ensc351Part2-soln-updated/Ensc351Part2SolnLib/Debug/../main.cc:100: undefined reference to `myClose(int)'
/media/sf_U_ensc251/workspace-cpp-Neon3/Ensc351Part2/Ensc351Part2-soln-updated/Ensc351Part2SolnLib/Debug/libEnsc351Part2SolnLib.a(main.o): In function `main':
/media/sf_U_ensc251/workspace-cpp-Neon3/Ensc351Part2-soln-updated/Ensc351Part2SolnLib/Debug/../main.cc:122: undefined reference to `mySocketpair(int, int, int, int*)'
/media/sf_U_ensc251/workspace-cpp-Neon3/Ensc351Part2-soln-updated/Ensc351Part2SolnLib/Debug/../main.cc:123: undefined reference to `mySocketpair(int, int, int, int*)'
/media/sf_U_ensc251/workspace-cpp-Neon3/Ensc351Part2/Ensc351Part2-soln-updated/Ensc351Part2SolnLib/Debug/libEnsc351Part2SolnLib.a(Medium.o): In function `Medium::Medium(int, int, char const*)':
/media/sf_U_ensc251/workspace-cpp-Neon3/Ensc351Part2-soln-updated/Ensc351Part2SolnLib/Debug/../Medium.cpp:39: undefined reference to `myCreat(char const*, unsigned int)'
/media/sf_U_ensc251/workspace-cpp-Neon3/Ensc351Part2/Ensc351Part2-soln-updated/Ensc351Part2SolnLib/Debug/libEnsc351Part2SolnLib.a(Medium.o): In function `Medium::MsgFromTerm2()':
/media/sf_U_ensc251/workspace-cpp-Neon3/Ensc351Part2-soln-updated/Ensc351Part2SolnLib/Debug/../Medium.cpp:53: undefined reference to `myRead(int, void*, unsigned long)'
/media/sf_U_ensc251/workspace-cpp-Neon3/Ensc351Part2-soln-updated/Ensc351Part2SolnLib/Debug/../Medium.cpp:77: undefined reference to `myWrite(int, void const*, unsigned long)'
/media/sf_U_ensc251/workspace-cpp-Neon3/Ensc351Part2-soln-updated/Ensc351Part2SolnLib/Debug/../Medium.cpp:84: undefined reference to `myWrite(int, void const*, unsigned long)'
/media/sf_U_ensc251/workspace-cpp-Neon3/Ensc351Part2-soln-updated/Ensc351Part2SolnLib/Debug/../Medium.cpp:85: undefined reference to `myTcdrain(int)'
/media/sf_U_ensc251/workspace-cpp-Neon3/Ensc351Part2/Ensc351Part2-soln-updated/Ensc351Part2SolnLib/Debug/libEnsc351Part2SolnLib.a(Medium.o): In function `Medium::MsgFromTerm1()':
/media/sf_U_ensc251/workspace-cpp-Neon3/Ensc351Part2-soln-updated/Ensc351Part2SolnLib/Debug/../Medium.cpp:94: undefined reference to `myRead(int, void*, unsigned long)'
/media/sf_U_ensc251/workspace-cpp-Neon3/Ensc351Part2-soln-updated/Ensc351Part2SolnLib/Debug/../Medium.cpp:130: undefined reference to `myWrite(int, void const*, unsigned long)'
/media/sf_U_ensc251/workspace-cpp-Neon3/Ensc351Part2/Ensc351Part2-soln-updated/Ensc351Part2SolnLib/Debug/libEnsc351Part2SolnLib.a(Medium.o): In function `Medium::run()':
/media/sf_U_ensc251/workspace-cpp-Neon3/Ensc351Part2-soln-updated/Ensc351Part2SolnLib/Debug/../Medium.cpp:162: undefined reference to `myClose(int)'
/media/sf_U_ensc251/workspace-cpp-Neon3/Ensc351Part2-soln-updated/Ensc351Part2SolnLib/Debug/../Medium.cpp:163: undefined reference to `myClose(int)'
/media/sf_U_ensc251/workspace-cpp-Neon3/Ensc351Part2/Ensc351Part2-soln-updated/Ensc351xmodem/Debug/libEnsc351xmodem.a(PeerX.o): In function `PeerX::sendByte(unsigned char)':
/media/sf_U_ensc251/workspace-cpp-Neon3/Ensc351Part2-soln-updated/Ensc351xmodem/Debug/../PeerX.cpp:110: undefined reference to `myWrite(int, void const*, unsigned long)'
/media/sf_U_ensc251/workspace-cpp-Neon3/Ensc351Part2/Ensc351Part2-soln-updated/Ensc351xmodem/Debug/libEnsc351xmodem.a(ReceiverX.o): In function `ReceiverX::receiveFile()':
/media/sf_U_ensc251/workspace-cpp-Neon3/Ensc351Part2-soln-updated/Ensc351xmodem/Debug/../ReceiverX.cpp:63: undefined reference to `myCreat(char const*, unsigned int)'
/media/sf_U_ensc251/workspace-cpp-Neon3/Ensc351Part2-soln-updated/Ensc351xmodem/Debug/../ReceiverX.cpp:71: undefined reference to `myRead(int, void*, unsigned long)'
/media/sf_U_ensc251/workspace-cpp-Neon3/Ensc351Part2/Ensc351Part2-soln-updated/Ensc351xmodem/Debug/libEnsc351xmodem.a(ReceiverX.o): In function `ReceiverX::getRestBlk()':
/media/sf_U_ensc251/workspace-cpp-Neon3/Ensc351Part2-soln-updated/Ensc351xmodem/Debug/../ReceiverX.cpp:93: undefined reference to `myReadcond(int, void*, int, int, int, int)'
/media/sf_U_ensc251/workspace-cpp-Neon3/Ensc351Part2/Ensc351Part2-soln-updated/Ensc351xmodem/Debug/libEnsc351xmodem.a(ReceiverX.o): In function `ReceiverX::can8()':
/media/sf_U_ensc251/workspace-cpp-Neon3/Ensc351Part2-soln-updated/Ensc351xmodem/Debug/../ReceiverX.cpp:157: undefined reference to `myWrite(int, void const*, unsigned long)'
/media/sf_U_ensc251/workspace-cpp-Neon3/Ensc351Part2/Ensc351Part2-soln-updated/Ensc351xmodem/Debug/libEnsc351xmodem.a(SenderX.o): In function `SenderX::dumpGlitches()':
/media/sf_U_ensc251/workspace-cpp-Neon3/Ensc351Part2-soln-updated/Ensc351xmodem/Debug/../SenderX.cpp:68: undefined reference to `myReadcond(int, void*, int, int, int, int)'
/media/sf_U_ensc251/workspace-cpp-Neon3/Ensc351Part2/Ensc351Part2-soln-updated/Ensc351xmodem/Debug/libEnsc351xmodem.a(SenderX.o): In function `SenderX::sendMostBlk(unsigned char*)':
/media/sf_U_ensc251/workspace-cpp-Neon3/Ensc351Part2-soln-updated/Ensc351xmodem/Debug/../SenderX.cpp:78: undefined reference to `myWrite(int, void const*, unsigned long)'
/media/sf_U_ensc251/workspace-cpp-Neon3/Ensc351Part2/Ensc351Part2-soln-updated/Ensc351xmodem/Debug/libEnsc351xmodem.a(SenderX.o): In function `SenderX::sendLastByte(unsigned char)':
/media/sf_U_ensc251/workspace-cpp-Neon3/Ensc351Part2-soln-updated/Ensc351xmodem/Debug/../SenderX.cpp:87: undefined reference to `myTcdrain(int)'
/media/sf_U_ensc251/workspace-cpp-Neon3/Ensc351Part2-soln-updated/Ensc351xmodem/Debug/../SenderX.cpp:90: undefined reference to `myWrite(int, void const*, unsigned long)'
/media/sf_U_ensc251/workspace-cpp-Neon3/Ensc351Part2/Ensc351Part2-soln-updated/Ensc351xmodem/Debug/libEnsc351xmodem.a(SenderX.o): In function `SenderX::can8()':
/media/sf_U_ensc251/workspace-cpp-Neon3/Ensc351Part2-soln-updated/Ensc351xmodem/Debug/../SenderX.cpp:200: undefined reference to `myWrite(int, void const*, unsigned long)'
/media/sf_U_ensc251/workspace-cpp-Neon3/Ensc351Part2/Ensc351Part2-soln-updated/Ensc351xmodem/Debug/libEnsc351xmodem.a(SenderX.o): In function `SenderX::sendFile()':
/media/sf_U_ensc251/workspace-cpp-Neon3/Ensc351Part2-soln-updated/Ensc351xmodem/Debug/../SenderX.cpp:209: undefined reference to `myOpen(char const*, int, unsigned int)'
/media/sf_U_ensc251/workspace-cpp-Neon3/Ensc351Part2-soln-updated/Ensc351xmodem/Debug/../SenderX.cpp:220: undefined reference to `myRead(int, void*, unsigned long)'
/media/sf_U_ensc251/workspace-cpp-Neon3/Ensc351Part2-soln-updated/Ensc351xmodem/Debug/../SenderX.cpp:224: undefined reference to `myClose(int)'
collect2: error: ld returned 1 exit status
make: *** [Ensc351Part2HandCoded] Error 1
00:29:40 **** Build of configuration Debug for project Ensc351Part2CodedBySmartState ****
make all 
Building target: Ensc351Part2CodedBySmartState
Invoking: GCC C++ Linker
g++ -L"/media/sf_U_ensc251/workspace-cpp-Neon3/Ensc351Part2/Ensc351Part2-soln-updated/Ensc351x-myio/Debug" -L"/media/sf_U_ensc251/workspace-cpp-Neon3/Ensc351Part2/Ensc351/Debug" -L"/media/sf_U_ensc251/workspace-cpp-Neon3/Ensc351Part2/Ensc351Part2-soln-updated/Ensc351xmodem/Debug" -L"/media/sf_U_ensc251/workspace-cpp-Neon3/Ensc351Part2/Ensc351Part2-soln-updated/Ensc351Part2SolnLib/Debug" -o "Ensc351Part2CodedBySmartState"  ./src/ReceiverSS.o ./src/SenderSS.o   -lEnsc351Part2SolnLib -lEnsc351x-myio -lEnsc351xmodem -lEnsc351 -lpthread
/media/sf_U_ensc251/workspace-cpp-Neon3/Ensc351Part2/Ensc351Part2-soln-updated/Ensc351Part2SolnLib/Debug/libEnsc351Part2SolnLib.a(main.o): In function `termFunc(int)':
/media/sf_U_ensc251/workspace-cpp-Neon3/Ensc351Part2-soln-updated/Ensc351Part2SolnLib/Debug/../main.cc:75: undefined reference to `myClose(int)'
/media/sf_U_ensc251/workspace-cpp-Neon3/Ensc351Part2-soln-updated/Ensc351Part2SolnLib/Debug/../main.cc:100: undefined reference to `myClose(int)'
makefile:48: recipe for target 'Ensc351Part2CodedBySmartState' failed
/media/sf_U_ensc251/workspace-cpp-Neon3/Ensc351Part2/Ensc351Part2-soln-updated/Ensc351Part2SolnLib/Debug/libEnsc351Part2SolnLib.a(main.o): In function `main':
/media/sf_U_ensc251/workspace-cpp-Neon3/Ensc351Part2-soln-updated/Ensc351Part2SolnLib/Debug/../main.cc:122: undefined reference to `mySocketpair(int, int, int, int*)'
/media/sf_U_ensc251/workspace-cpp-Neon3/Ensc351Part2-soln-updated/Ensc351Part2SolnLib/Debug/../main.cc:123: undefined reference to `mySocketpair(int, int, int, int*)'
/media/sf_U_ensc251/workspace-cpp-Neon3/Ensc351Part2/Ensc351Part2-soln-updated/Ensc351Part2SolnLib/Debug/libEnsc351Part2SolnLib.a(Medium.o): In function `Medium::Medium(int, int, char const*)':
/media/sf_U_ensc251/workspace-cpp-Neon3/Ensc351Part2-soln-updated/Ensc351Part2SolnLib/Debug/../Medium.cpp:39: undefined reference to `myCreat(char const*, unsigned int)'
/media/sf_U_ensc251/workspace-cpp-Neon3/Ensc351Part2/Ensc351Part2-soln-updated/Ensc351Part2SolnLib/Debug/libEnsc351Part2SolnLib.a(Medium.o): In function `Medium::MsgFromTerm2()':
/media/sf_U_ensc251/workspace-cpp-Neon3/Ensc351Part2-soln-updated/Ensc351Part2SolnLib/Debug/../Medium.cpp:53: undefined reference to `myRead(int, void*, unsigned long)'
/media/sf_U_ensc251/workspace-cpp-Neon3/Ensc351Part2-soln-updated/Ensc351Part2SolnLib/Debug/../Medium.cpp:77: undefined reference to `myWrite(int, void const*, unsigned long)'
/media/sf_U_ensc251/workspace-cpp-Neon3/Ensc351Part2-soln-updated/Ensc351Part2SolnLib/Debug/../Medium.cpp:84: undefined reference to `myWrite(int, void const*, unsigned long)'
/media/sf_U_ensc251/workspace-cpp-Neon3/Ensc351Part2-soln-updated/Ensc351Part2SolnLib/Debug/../Medium.cpp:85: undefined reference to `myTcdrain(int)'
/media/sf_U_ensc251/workspace-cpp-Neon3/Ensc351Part2/Ensc351Part2-soln-updated/Ensc351Part2SolnLib/Debug/libEnsc351Part2SolnLib.a(Medium.o): In function `Medium::MsgFromTerm1()':
/media/sf_U_ensc251/workspace-cpp-Neon3/Ensc351Part2-soln-updated/Ensc351Part2SolnLib/Debug/../Medium.cpp:94: undefined reference to `myRead(int, void*, unsigned long)'
/media/sf_U_ensc251/workspace-cpp-Neon3/Ensc351Part2-soln-updated/Ensc351Part2SolnLib/Debug/../Medium.cpp:130: undefined reference to `myWrite(int, void const*, unsigned long)'
/media/sf_U_ensc251/workspace-cpp-Neon3/Ensc351Part2/Ensc351Part2-soln-updated/Ensc351Part2SolnLib/Debug/libEnsc351Part2SolnLib.a(Medium.o): In function `Medium::run()':
/media/sf_U_ensc251/workspace-cpp-Neon3/Ensc351Part2-soln-updated/Ensc351Part2SolnLib/Debug/../Medium.cpp:162: undefined reference to `myClose(int)'
/media/sf_U_ensc251/workspace-cpp-Neon3/Ensc351Part2-soln-updated/Ensc351Part2SolnLib/Debug/../Medium.cpp:163: undefined reference to `myClose(int)'
/media/sf_U_ensc251/workspace-cpp-Neon3/Ensc351Part2/Ensc351Part2-soln-updated/Ensc351xmodem/Debug/libEnsc351xmodem.a(PeerX.o): In function `PeerX::sendByte(unsigned char)':
/media/sf_U_ensc251/workspace-cpp-Neon3/Ensc351Part2-soln-updated/Ensc351xmodem/Debug/../PeerX.cpp:110: undefined reference to `myWrite(int, void const*, unsigned long)'
/media/sf_U_ensc251/workspace-cpp-Neon3/Ensc351Part2/Ensc351Part2-soln-updated/Ensc351xmodem/Debug/libEnsc351xmodem.a(ReceiverX.o): In function `ReceiverX::receiveFile()':
/media/sf_U_ensc251/workspace-cpp-Neon3/Ensc351Part2-soln-updated/Ensc351xmodem/Debug/../ReceiverX.cpp:63: undefined reference to `myCreat(char const*, unsigned int)'
/media/sf_U_ensc251/workspace-cpp-Neon3/Ensc351Part2-soln-updated/Ensc351xmodem/Debug/../ReceiverX.cpp:71: undefined reference to `myRead(int, void*, unsigned long)'
/media/sf_U_ensc251/workspace-cpp-Neon3/Ensc351Part2/Ensc351Part2-soln-updated/Ensc351xmodem/Debug/libEnsc351xmodem.a(ReceiverX.o): In function `ReceiverX::getRestBlk()':
/media/sf_U_ensc251/workspace-cpp-Neon3/Ensc351Part2-soln-updated/Ensc351xmodem/Debug/../ReceiverX.cpp:93: undefined reference to `myReadcond(int, void*, int, int, int, int)'
/media/sf_U_ensc251/workspace-cpp-Neon3/Ensc351Part2/Ensc351Part2-soln-updated/Ensc351xmodem/Debug/libEnsc351xmodem.a(ReceiverX.o): In function `ReceiverX::can8()':
/media/sf_U_ensc251/workspace-cpp-Neon3/Ensc351Part2-soln-updated/Ensc351xmodem/Debug/../ReceiverX.cpp:157: undefined reference to `myWrite(int, void const*, unsigned long)'
/media/sf_U_ensc251/workspace-cpp-Neon3/Ensc351Part2/Ensc351Part2-soln-updated/Ensc351xmodem/Debug/libEnsc351xmodem.a(SenderX.o): In function `SenderX::dumpGlitches()':
/media/sf_U_ensc251/workspace-cpp-Neon3/Ensc351Part2-soln-updated/Ensc351xmodem/Debug/../SenderX.cpp:68: undefined reference to `myReadcond(int, void*, int, int, int, int)'
/media/sf_U_ensc251/workspace-cpp-Neon3/Ensc351Part2/Ensc351Part2-soln-updated/Ensc351xmodem/Debug/libEnsc351xmodem.a(SenderX.o): In function `SenderX::sendMostBlk(unsigned char*)':
/media/sf_U_ensc251/workspace-cpp-Neon3/Ensc351Part2-soln-updated/Ensc351xmodem/Debug/../SenderX.cpp:78: undefined reference to `myWrite(int, void const*, unsigned long)'
/media/sf_U_ensc251/workspace-cpp-Neon3/Ensc351Part2/Ensc351Part2-soln-updated/Ensc351xmodem/Debug/libEnsc351xmodem.a(SenderX.o): In function `SenderX::sendLastByte(unsigned char)':
/media/sf_U_ensc251/workspace-cpp-Neon3/Ensc351Part2-soln-updated/Ensc351xmodem/Debug/../SenderX.cpp:87: undefined reference to `myTcdrain(int)'
/media/sf_U_ensc251/workspace-cpp-Neon3/Ensc351Part2-soln-updated/Ensc351xmodem/Debug/../SenderX.cpp:90: undefined reference to `myWrite(int, void const*, unsigned long)'
/media/sf_U_ensc251/workspace-cpp-Neon3/Ensc351Part2/Ensc351Part2-soln-updated/Ensc351xmodem/Debug/libEnsc351xmodem.a(SenderX.o): In function `SenderX::can8()':
/media/sf_U_ensc251/workspace-cpp-Neon3/Ensc351Part2-soln-updated/Ensc351xmodem/Debug/../SenderX.cpp:200: undefined reference to `myWrite(int, void const*, unsigned long)'
/media/sf_U_ensc251/workspace-cpp-Neon3/Ensc351Part2/Ensc351Part2-soln-updated/Ensc351xmodem/Debug/libEnsc351xmodem.a(SenderX.o): In function `SenderX::sendFile()':
/media/sf_U_ensc251/workspace-cpp-Neon3/Ensc351Part2-soln-updated/Ensc351xmodem/Debug/../SenderX.cpp:209: undefined reference to `myOpen(char const*, int, unsigned int)'
/media/sf_U_ensc251/workspace-cpp-Neon3/Ensc351Part2-soln-updated/Ensc351xmodem/Debug/../SenderX.cpp:220: undefined reference to `myRead(int, void*, unsigned long)'
/media/sf_U_ensc251/workspace-cpp-Neon3/Ensc351Part2-soln-updated/Ensc351xmodem/Debug/../SenderX.cpp:224: undefined reference to `myClose(int)'
collect2: error: ld returned 1 exit status
make: *** [Ensc351Part2CodedBySmartState] Error 1
00:36:02 **** Clean-only build of configuration Debug for project Ensc351 ****
make clean 
rm -rf  ./AtomicConsole.o ./ScopedMutex.o ./SocketReadcond.o ./VNPE.o ./ss_api.o  ./ScopedMutex.d ./ss_api.d  ./AtomicConsole.d ./SocketReadcond.d ./VNPE.d  libEnsc351.a
 
00:36:03 **** Clean-only build of configuration Debug for project Ensc351Part2CodedBySmartState ****
make clean 
rm -rf  ./src/ReceiverSS.o ./src/SenderSS.o  ./src/ReceiverSS.d ./src/SenderSS.d  Ensc351Part2CodedBySmartState
 
00:36:04 **** Clean-only build of configuration Debug for project Ensc351Part2HandCoded ****
make clean 
rm -rf  ./src/ReceiverSS.o ./src/SenderSS.o  ./src/ReceiverSS.d ./src/SenderSS.d  Ensc351Part2HandCoded
 
00:36:05 **** Clean-only build of configuration Debug for project Ensc351Part2SolnLib ****
make clean 
rm -rf  ./main.d  ./Medium.o ./main.o  ./Medium.d  libEnsc351Part2SolnLib.a
 
00:36:05 **** Clean-only build of configuration Debug for project Ensc351x-myio ****
make clean 
rm -rf  ./myIO.o  ./myIO.d  libEnsc351x-myio.a
 
00:36:05 **** Clean-only build of configuration Debug for project Ensc351xmodem ****
make clean 
rm -rf  ./PeerX.o ./ReceiverX.o ./SenderX.o  ./PeerX.d ./ReceiverX.d ./SenderX.d  libEnsc351xmodem.a
 
00:36:10 **** Build of configuration Debug for project Ensc351 ****
make all 
make: Warning: File 'objects.mk' has modification time 2.6 s in the future
Building file: ../AtomicConsole.c
Invoking: GCC C Compiler
gcc -O0 -g3 -Wall -c -fmessage-length=0 -MMD -MP -MF"AtomicConsole.d" -MT"AtomicConsole.o" -o "AtomicConsole.o" "../AtomicConsole.c"
Finished building: ../AtomicConsole.c
 
Building file: ../ScopedMutex.cpp
Invoking: GCC C++ Compiler
g++ -std=c++1y -O0 -g3 -Wall -c -fmessage-length=0 -MMD -MP -MF"ScopedMutex.d" -MT"ScopedMutex.o" -o "ScopedMutex.o" "../ScopedMutex.cpp"
Finished building: ../ScopedMutex.cpp
 
Building file: ../SocketReadcond.c
Invoking: GCC C Compiler
gcc -O0 -g3 -Wall -c -fmessage-length=0 -MMD -MP -MF"SocketReadcond.d" -MT"SocketReadcond.o" -o "SocketReadcond.o" "../SocketReadcond.c"
Finished building: ../SocketReadcond.c
 
Building file: ../VNPE.c
Invoking: GCC C Compiler
gcc -O0 -g3 -Wall -c -fmessage-length=0 -MMD -MP -MF"VNPE.d" -MT"VNPE.o" -o "VNPE.o" "../VNPE.c"
Finished building: ../VNPE.c
 
Building file: ../ss_api.cpp
Invoking: GCC C++ Compiler
g++ -std=c++1y -O0 -g3 -Wall -c -fmessage-length=0 -MMD -MP -MF"ss_api.d" -MT"ss_api.o" -o "ss_api.o" "../ss_api.cpp"
Finished building: ../ss_api.cpp
 
Building target: libEnsc351.a
Invoking: GCC Archiver
ar -r  "libEnsc351.a"  ./AtomicConsole.o ./ScopedMutex.o ./SocketReadcond.o ./VNPE.o ./ss_api.o   
ar: creating libEnsc351.a
Finished building target: libEnsc351.a
make: warning:  Clock skew detected.  Your build may be incomplete.
 
00:36:16 **** Build of configuration Debug for project Ensc351x-myio ****
make all 
make: Warning: File 'objects.mk' has modification time 2.7 s in the future
Building file: ../myIO.cpp
Invoking: GCC C++ Compiler
g++ -std=c++1y -I"/media/sf_U_ensc251/workspace-cpp-Neon3/Ensc351Part2/Ensc351Part2-soln-updated/Ensc351x-myio" -I"/media/sf_U_ensc251/workspace-cpp-Neon3/Ensc351Part2/Ensc351" -O0 -g3 -Wall -c -fmessage-length=0 -MMD -MP -MF"myIO.d" -MT"myIO.o" -o "myIO.o" "../myIO.cpp"
Finished building: ../myIO.cpp
 
Building target: libEnsc351x-myio.a
Invoking: GCC Archiver
ar -r  "libEnsc351x-myio.a"  ./myIO.o   
ar: creating libEnsc351x-myio.a
Finished building target: libEnsc351x-myio.a
 
make: warning:  Clock skew detected.  Your build may be incomplete.
00:36:21 **** Build of configuration Debug for project Ensc351xmodem ****
make all 
make: Warning: File 'objects.mk' has modification time 2.7 s in the future
Building file: ../PeerX.cpp
Invoking: GCC C++ Compiler
g++ -std=c++1y -I"/media/sf_U_ensc251/workspace-cpp-Neon3/Ensc351Part2/Ensc351" -I"/media/sf_U_ensc251/workspace-cpp-Neon3/Ensc351Part2/Ensc351Part2-soln-updated/Ensc351x-myio" -I"/media/sf_U_ensc251/workspace-cpp-Neon3/Ensc351Part2/Ensc351Part2-soln-updated/Ensc351Part2CodedBySmartState/src" -O0 -g3 -Wall -c -fmessage-length=0 -MMD -MP -MF"PeerX.d" -MT"PeerX.o" -o "PeerX.o" "../PeerX.cpp"
Finished building: ../PeerX.cpp
 
Building file: ../ReceiverX.cpp
Invoking: GCC C++ Compiler
g++ -std=c++1y -I"/media/sf_U_ensc251/workspace-cpp-Neon3/Ensc351Part2/Ensc351" -I"/media/sf_U_ensc251/workspace-cpp-Neon3/Ensc351Part2/Ensc351Part2-soln-updated/Ensc351x-myio" -I"/media/sf_U_ensc251/workspace-cpp-Neon3/Ensc351Part2/Ensc351Part2-soln-updated/Ensc351Part2CodedBySmartState/src" -O0 -g3 -Wall -c -fmessage-length=0 -MMD -MP -MF"ReceiverX.d" -MT"ReceiverX.o" -o "ReceiverX.o" "../ReceiverX.cpp"
Finished building: ../ReceiverX.cpp
 
Building file: ../SenderX.cpp
Invoking: GCC C++ Compiler
g++ -std=c++1y -I"/media/sf_U_ensc251/workspace-cpp-Neon3/Ensc351Part2/Ensc351" -I"/media/sf_U_ensc251/workspace-cpp-Neon3/Ensc351Part2/Ensc351Part2-soln-updated/Ensc351x-myio" -I"/media/sf_U_ensc251/workspace-cpp-Neon3/Ensc351Part2/Ensc351Part2-soln-updated/Ensc351Part2CodedBySmartState/src" -O0 -g3 -Wall -c -fmessage-length=0 -MMD -MP -MF"SenderX.d" -MT"SenderX.o" -o "SenderX.o" "../SenderX.cpp"
Finished building: ../SenderX.cpp
 
Building target: libEnsc351xmodem.a
Invoking: GCC Archiver
ar -r  "libEnsc351xmodem.a"  ./PeerX.o ./ReceiverX.o ./SenderX.o   
ar: creating libEnsc351xmodem.a
Finished building target: libEnsc351xmodem.a
 
make: warning:  Clock skew detected.  Your build may be incomplete.
00:36:28 **** Build of configuration Debug for project Ensc351Part2SolnLib ****
make all 
make: Warning: File 'objects.mk' has modification time 3.1 s in the future
Building file: ../Medium.cpp
Invoking: GCC C++ Compiler
g++ -std=c++1y -I"/media/sf_U_ensc251/workspace-cpp-Neon3/Ensc351Part2/Ensc351Part2-soln-updated/Ensc351x-myio" -I"/media/sf_U_ensc251/workspace-cpp-Neon3/Ensc351Part2/Ensc351" -I"/media/sf_U_ensc251/workspace-cpp-Neon3/Ensc351Part2/Ensc351Part2-soln-updated/Ensc351xmodem" -O0 -g3 -Wall -c -fmessage-length=0 -MMD -MP -MF"Medium.d" -MT"Medium.o" -o "Medium.o" "../Medium.cpp"
Finished building: ../Medium.cpp
 
Building file: ../main.cc
Invoking: GCC C++ Compiler
g++ -std=c++1y -I"/media/sf_U_ensc251/workspace-cpp-Neon3/Ensc351Part2/Ensc351Part2-soln-updated/Ensc351x-myio" -I"/media/sf_U_ensc251/workspace-cpp-Neon3/Ensc351Part2/Ensc351" -I"/media/sf_U_ensc251/workspace-cpp-Neon3/Ensc351Part2/Ensc351Part2-soln-updated/Ensc351xmodem" -O0 -g3 -Wall -c -fmessage-length=0 -MMD -MP -MF"main.d" -MT"main.o" -o "main.o" "../main.cc"
Finished building: ../main.cc
 
Building target: libEnsc351Part2SolnLib.a
Invoking: GCC Archiver
ar -r  "libEnsc351Part2SolnLib.a"  ./Medium.o ./main.o   
ar: creating libEnsc351Part2SolnLib.a
Finished building target: libEnsc351Part2SolnLib.a
 
make: warning:  Clock skew detected.  Your build may be incomplete.
00:36:36 **** Build of configuration Debug for project Ensc351Part2HandCoded ****
make all 
make: Warning: File 'objects.mk' has modification time 2.4 s in the future
Building file: ../src/ReceiverSS.cpp
Invoking: GCC C++ Compiler
g++ -std=c++1y -I"/media/sf_U_ensc251/workspace-cpp-Neon3/Ensc351Part2/Ensc351Part2-soln-updated/Ensc351x-myio" -I"/media/sf_U_ensc251/workspace-cpp-Neon3/Ensc351Part2/Ensc351Part2-soln-updated/Ensc351xmodem" -I"/media/sf_U_ensc251/workspace-cpp-Neon3/Ensc351Part2/Ensc351" -O0 -g3 -Wall -c -fmessage-length=0 -MMD -MP -MF"src/ReceiverSS.d" -MT"src/ReceiverSS.o" -o "src/ReceiverSS.o" "../src/ReceiverSS.cpp"
Finished building: ../src/ReceiverSS.cpp
 
Building file: ../src/SenderSS.cpp
Invoking: GCC C++ Compiler
g++ -std=c++1y -I"/media/sf_U_ensc251/workspace-cpp-Neon3/Ensc351Part2/Ensc351Part2-soln-updated/Ensc351x-myio" -I"/media/sf_U_ensc251/workspace-cpp-Neon3/Ensc351Part2/Ensc351Part2-soln-updated/Ensc351xmodem" -I"/media/sf_U_ensc251/workspace-cpp-Neon3/Ensc351Part2/Ensc351" -O0 -g3 -Wall -c -fmessage-length=0 -MMD -MP -MF"src/SenderSS.d" -MT"src/SenderSS.o" -o "src/SenderSS.o" "../src/SenderSS.cpp"
Finished building: ../src/SenderSS.cpp
 
Building target: Ensc351Part2HandCoded
Invoking: GCC C++ Linker
g++ -L"/media/sf_U_ensc251/workspace-cpp-Neon3/Ensc351Part2/Ensc351Part2-soln-updated/Ensc351x-myio/Debug" -L"/media/sf_U_ensc251/workspace-cpp-Neon3/Ensc351Part2/Ensc351/Debug" -L"/media/sf_U_ensc251/workspace-cpp-Neon3/Ensc351Part2/Ensc351Part2-soln-updated/Ensc351xmodem/Debug" -L"/media/sf_U_ensc251/workspace-cpp-Neon3/Ensc351Part2/Ensc351Part2-soln-updated/Ensc351Part2SolnLib/Debug" -o "Ensc351Part2HandCoded"  ./src/ReceiverSS.o ./src/SenderSS.o   -lEnsc351Part2SolnLib -lEnsc351xmodem -lEnsc351x-myio -lEnsc351 -lpthread
make: warning:  Clock skew detected.  Your build may be incomplete.
Finished building target: Ensc351Part2HandCoded
 
00:36:47 **** Build of configuration Debug for project Ensc351Part2CodedBySmartState ****
make all 
make: Warning: File 'objects.mk' has modification time 2.6 s in the future
Building file: ../src/ReceiverSS.cpp
Invoking: GCC C++ Compiler
g++ -std=c++1y -I"/media/sf_U_ensc251/workspace-cpp-Neon3/Ensc351Part2/Ensc351Part2-soln-updated/Ensc351x-myio" -I"/media/sf_U_ensc251/workspace-cpp-Neon3/Ensc351Part2/Ensc351Part2-soln-updated/Ensc351xmodem" -I"/media/sf_U_ensc251/workspace-cpp-Neon3/Ensc351Part2/Ensc351" -O0 -g3 -Wall -c -fmessage-length=0 -Wno-unused-variable -Wno-unknown-pragmas -MMD -MP -MF"src/ReceiverSS.d" -MT"src/ReceiverSS.o" -o "src/ReceiverSS.o" "../src/ReceiverSS.cpp"
Finished building: ../src/ReceiverSS.cpp
 
Building file: ../src/SenderSS.cpp
Invoking: GCC C++ Compiler
g++ -std=c++1y -I"/media/sf_U_ensc251/workspace-cpp-Neon3/Ensc351Part2/Ensc351Part2-soln-updated/Ensc351x-myio" -I"/media/sf_U_ensc251/workspace-cpp-Neon3/Ensc351Part2/Ensc351Part2-soln-updated/Ensc351xmodem" -I"/media/sf_U_ensc251/workspace-cpp-Neon3/Ensc351Part2/Ensc351" -O0 -g3 -Wall -c -fmessage-length=0 -Wno-unused-variable -Wno-unknown-pragmas -MMD -MP -MF"src/SenderSS.d" -MT"src/SenderSS.o" -o "src/SenderSS.o" "../src/SenderSS.cpp"
Finished building: ../src/SenderSS.cpp
 
Building target: Ensc351Part2CodedBySmartState
Invoking: GCC C++ Linker
g++ -L"/media/sf_U_ensc251/workspace-cpp-Neon3/Ensc351Part2/Ensc351Part2-soln-updated/Ensc351x-myio/Debug" -L"/media/sf_U_ensc251/workspace-cpp-Neon3/Ensc351Part2/Ensc351/Debug" -L"/media/sf_U_ensc251/workspace-cpp-Neon3/Ensc351Part2/Ensc351Part2-soln-updated/Ensc351xmodem/Debug" -L"/media/sf_U_ensc251/workspace-cpp-Neon3/Ensc351Part2/Ensc351Part2-soln-updated/Ensc351Part2SolnLib/Debug" -o "Ensc351Part2CodedBySmartState"  ./src/ReceiverSS.o ./src/SenderSS.o   -lEnsc351Part2SolnLib -lEnsc351x-myio -lEnsc351xmodem -lEnsc351 -lpthread
make: warning:  Clock skew detected.  Your build may be incomplete.
Finished building target: Ensc351Part2CodedBySmartState
 
00:37:03 **** Incremental Build of configuration Debug for project Ensc351 ****
make all 
make: Warning: File 'objects.mk' has modification time 2.5 s in the future
make: Nothing to be done for 'all'.
make: warning:  Clock skew detected.  Your build may be incomplete.
00:37:03 **** Incremental Build of configuration Debug for project Ensc351x-myio ****
make all 
make: Warning: File 'objects.mk' has modification time 3.1 s in the future
make: warning:  Clock skew detected.  Your build may be incomplete.
make: Nothing to be done for 'all'.
00:37:04 **** Incremental Build of configuration Debug for project Ensc351xmodem ****
make all 
make: Warning: File 'objects.mk' has modification time 2.7 s in the future
make: Nothing to be done for 'all'.
make: warning:  Clock skew detected.  Your build may be incomplete.
00:37:04 **** Incremental Build of configuration Debug for project Ensc351Part2SolnLib ****
make all 
make: Warning: File 'subdir.mk' has modification time 3.1 s in the future
make: Nothing to be done for 'all'.
make: warning:  Clock skew detected.  Your build may be incomplete.
00:37:05 **** Incremental Build of configuration Debug for project Ensc351Part2HandCoded ****
make all 
make: Warning: File 'src/subdir.mk' has modification time 2.5 s in the future
make: Nothing to be done for 'all'.
make: warning:  Clock skew detected.  Your build may be incomplete.
00:37:18 **** Incremental Build of configuration Debug for project Ensc351 ****
make all 
make: Warning: File 'objects.mk' has modification time 3.1 s in the future
make: Nothing to be done for 'all'.
make: warning:  Clock skew detected.  Your build may be incomplete.
00:37:19 **** Incremental Build of configuration Debug for project Ensc351x-myio ****
make all 
make: Warning: File 'objects.mk' has modification time 2.6 s in the future
make: Nothing to be done for 'all'.
make: warning:  Clock skew detected.  Your build may be incomplete.
00:37:19 **** Incremental Build of configuration Debug for project Ensc351xmodem ****
make all 
make: Warning: File 'objects.mk' has modification time 3.2 s in the future
make: Nothing to be done for 'all'.
make: warning:  Clock skew detected.  Your build may be incomplete.
00:37:20 **** Incremental Build of configuration Debug for project Ensc351Part2SolnLib ****
make all 
make: Warning: File 'subdir.mk' has modification time 2.7 s in the future
make: Nothing to be done for 'all'.
make: warning:  Clock skew detected.  Your build may be incomplete.
00:37:20 **** Incremental Build of configuration Debug for project Ensc351Part2CodedBySmartState ****
make all 
make: Warning: File 'src/subdir.mk' has modification time 3.2 s in the future
make: warning:  Clock skew detected.  Your build may be incomplete.
make: Nothing to be done for 'all'.
00:37:39 **** Incremental Build of configuration Debug for project Ensc351 ****
make all 
make: Warning: File 'subdir.mk' has modification time 2.7 s in the future
make: Nothing to be done for 'all'.
make: warning:  Clock skew detected.  Your build may be incomplete.
00:37:39 **** Incremental Build of configuration Debug for project Ensc351x-myio ****
make all 
make: Warning: File 'subdir.mk' has modification time 2.3 s in the future
make: warning:  Clock skew detected.  Your build may be incomplete.
make: Nothing to be done for 'all'.
00:37:40 **** Incremental Build of configuration Debug for project Ensc351xmodem ****
make all 
make: Warning: File 'subdir.mk' has modification time 2.8 s in the future
make: warning:  Clock skew detected.  Your build may be incomplete.
make: Nothing to be done for 'all'.
00:37:40 **** Incremental Build of configuration Debug for project Ensc351Part2SolnLib ****
make all 
make: Warning: File 'subdir.mk' has modification time 2.3 s in the future
make: warning:  Clock skew detected.  Your build may be incomplete.
make: Nothing to be done for 'all'.
00:37:40 **** Incremental Build of configuration Debug for project Ensc351Part2HandCoded ****
make all 
make: Warning: File 'src/subdir.mk' has modification time 3 s in the future
make: warning:  Clock skew detected.  Your build may be incomplete.
make: Nothing to be done for 'all'.
00:37:54 **** Incremental Build of configuration Debug for project Ensc351 ****
make all 
make: Warning: File 'subdir.mk' has modification time 2.5 s in the future
make: Nothing to be done for 'all'.
make: warning:  Clock skew detected.  Your build may be incomplete.
00:37:54 **** Incremental Build of configuration Debug for project Ensc351x-myio ****
make all 
make: Warning: File 'subdir.mk' has modification time 3.1 s in the future
make: Nothing to be done for 'all'.
make: warning:  Clock skew detected.  Your build may be incomplete.
00:37:55 **** Incremental Build of configuration Debug for project Ensc351xmodem ****
make all 
make: Warning: File 'subdir.mk' has modification time 2.7 s in the future
make: Nothing to be done for 'all'.
make: warning:  Clock skew detected.  Your build may be incomplete.
00:37:55 **** Incremental Build of configuration Debug for project Ensc351Part2SolnLib ****
make all 
make: Warning: File 'subdir.mk' has modification time 3.3 s in the future
make: warning:  Clock skew detected.  Your build may be incomplete.
make: Nothing to be done for 'all'.
00:37:56 **** Incremental Build of configuration Debug for project Ensc351Part2HandCoded ****
make all 
make: Warning: File 'src/subdir.mk' has modification time 2.9 s in the future
make: Nothing to be done for 'all'.
make: warning:  Clock skew detected.  Your build may be incomplete.
00:38:44 **** Incremental Build of configuration Debug for project Ensc351 ****
make all 
make: Warning: File 'subdir.mk' has modification time 2.6 s in the future
make: Nothing to be done for 'all'.
make: warning:  Clock skew detected.  Your build may be incomplete.
00:38:44 **** Incremental Build of configuration Debug for project Ensc351x-myio ****
make all 
make: Warning: File 'subdir.mk' has modification time 3.2 s in the future
make: Nothing to be done for 'all'.
make: warning:  Clock skew detected.  Your build may be incomplete.
00:38:45 **** Incremental Build of configuration Debug for project Ensc351xmodem ****
make all 
make: Warning: File 'subdir.mk' has modification time 2.9 s in the future
make: Nothing to be done for 'all'.
make: warning:  Clock skew detected.  Your build may be incomplete.
00:38:45 **** Incremental Build of configuration Debug for project Ensc351Part2SolnLib ****
make all 
make: Warning: File 'subdir.mk' has modification time 2.4 s in the future
make: warning:  Clock skew detected.  Your build may be incomplete.
make: Nothing to be done for 'all'.
00:38:45 **** Incremental Build of configuration Debug for project Ensc351Part2CodedBySmartState ****
make all 
make: Warning: File 'src/subdir.mk' has modification time 3.1 s in the future
make: warning:  Clock skew detected.  Your build may be incomplete.
make: Nothing to be done for 'all'.
00:39:01 **** Incremental Build of configuration Debug for project Ensc351 ****
make all 
make: Warning: File 'subdir.mk' has modification time 3 s in the future
make: warning:  Clock skew detected.  Your build may be incomplete.
make: Nothing to be done for 'all'.
00:39:02 **** Incremental Build of configuration Debug for project Ensc351x-myio ****
make all 
make: Warning: File 'subdir.mk' has modification time 2.7 s in the future
make: warning:  Clock skew detected.  Your build may be incomplete.
make: Nothing to be done for 'all'.
00:39:02 **** Incremental Build of configuration Debug for project Ensc351xmodem ****
make all 
make: Warning: File 'subdir.mk' has modification time 2.4 s in the future
make: Nothing to be done for 'all'.
make: warning:  Clock skew detected.  Your build may be incomplete.
00:39:02 **** Incremental Build of configuration Debug for project Ensc351Part2SolnLib ****
make all 
make: Warning: File 'subdir.mk' has modification time 3 s in the future
make: warning:  Clock skew detected.  Your build may be incomplete.
make: Nothing to be done for 'all'.
00:39:03 **** Incremental Build of configuration Debug for project Ensc351Part2CodedBySmartState ****
make all 
make: Warning: File 'src/subdir.mk' has modification time 2.7 s in the future
make: Nothing to be done for 'all'.
make: warning:  Clock skew detected.  Your build may be incomplete.
00:39:21 **** Incremental Build of configuration Debug for project Ensc351 ****
make all 
make: Warning: File 'subdir.mk' has modification time 2.7 s in the future
make: warning:  Clock skew detected.  Your build may be incomplete.
make: Nothing to be done for 'all'.
00:39:21 **** Incremental Build of configuration Debug for project Ensc351x-myio ****
make all 
make: Warning: File 'subdir.mk' has modification time 2.4 s in the future
make: warning:  Clock skew detected.  Your build may be incomplete.
make: Nothing to be done for 'all'.
00:39:21 **** Incremental Build of configuration Debug for project Ensc351xmodem ****
make all 
make: Warning: File 'subdir.mk' has modification time 3.1 s in the future
make: Nothing to be done for 'all'.
make: warning:  Clock skew detected.  Your build may be incomplete.
00:39:22 **** Incremental Build of configuration Debug for project Ensc351Part2SolnLib ****
make all 
make: Warning: File 'subdir.mk' has modification time 2.8 s in the future
make: Nothing to be done for 'all'.
make: warning:  Clock skew detected.  Your build may be incomplete.
00:39:22 **** Incremental Build of configuration Debug for project Ensc351Part2CodedBySmartState ****
make all 
make: Warning: File 'src/subdir.mk' has modification time 2.4 s in the future
make: warning:  Clock skew detected.  Your build may be incomplete.
make: Nothing to be done for 'all'.
00:41:41 **** Clean-only build of configuration Debug for project Ensc351 ****
make clean 
rm -rf  ./AtomicConsole.o ./ScopedMutex.o ./SocketReadcond.o ./VNPE.o ./ss_api.o  ./ScopedMutex.d ./ss_api.d  ./AtomicConsole.d ./SocketReadcond.d ./VNPE.d  libEnsc351.a
 
00:41:44 **** Clean-only build of configuration Debug for project Ensc351Part2CodedBySmartState ****
make clean 
rm -rf  ./src/ReceiverSS.o ./src/SenderSS.o  ./src/ReceiverSS.d ./src/SenderSS.d  Ensc351Part2CodedBySmartState
 
00:41:45 **** Clean-only build of configuration Debug for project Ensc351Part2HandCoded ****
make clean 
rm -rf  ./src/ReceiverSS.o ./src/SenderSS.o  ./src/ReceiverSS.d ./src/SenderSS.d  Ensc351Part2HandCoded
 
00:41:45 **** Clean-only build of configuration Debug for project Ensc351Part2SolnLib ****
make clean 
rm -rf  ./main.d  ./Medium.o ./main.o  ./Medium.d  libEnsc351Part2SolnLib.a
 
00:41:46 **** Clean-only build of configuration Debug for project Ensc351x-myio ****
make clean 
rm -rf  ./myIO.o  ./myIO.d  libEnsc351x-myio.a
 
00:41:46 **** Clean-only build of configuration Debug for project Ensc351xmodem ****
make clean 
rm -rf  ./PeerX.o ./ReceiverX.o ./SenderX.o  ./PeerX.d ./ReceiverX.d ./SenderX.d  libEnsc351xmodem.a
 
00:52:30 **** Clean-only build of configuration Debug for project Ensc351 ****
make clean 
rm -rf  ./AtomicConsole.o ./ScopedMutex.o ./SocketReadcond.o ./VNPE.o ./ss_api.o  ./ScopedMutex.d ./ss_api.d  ./AtomicConsole.d ./SocketReadcond.d ./VNPE.d  libEnsc351.a
 
00:52:31 **** Clean-only build of configuration Debug for project Ensc351Part2CodedBySmartState ****
make clean 
rm -rf  ./src/ReceiverSS.o ./src/SenderSS.o  ./src/ReceiverSS.d ./src/SenderSS.d  Ensc351Part2CodedBySmartState
 
00:52:31 **** Clean-only build of configuration Debug for project Ensc351Part2HandCoded ****
make clean 
rm -rf  ./src/ReceiverSS.o ./src/SenderSS.o  ./src/ReceiverSS.d ./src/SenderSS.d  Ensc351Part2HandCoded
 
00:52:31 **** Clean-only build of configuration Debug for project Ensc351Part2SolnLib ****
make clean 
rm -rf  ./main.d  ./Medium.o ./main.o  ./Medium.d  libEnsc351Part2SolnLib.a
 
00:52:32 **** Clean-only build of configuration Debug for project Ensc351x-myio ****
make clean 
rm -rf  ./myIO.o  ./myIO.d  libEnsc351x-myio.a
 
00:52:32 **** Clean-only build of configuration Debug for project Ensc351xmodem ****
make clean 
rm -rf  ./PeerX.o ./ReceiverX.o ./SenderX.o  ./PeerX.d ./ReceiverX.d ./SenderX.d  libEnsc351xmodem.a
 
00:52:40 **** Build of configuration Debug for project Ensc351 ****
make all 
Building file: ../AtomicConsole.c
Invoking: GCC C Compiler
gcc -O0 -g3 -Wall -c -fmessage-length=0 -MMD -MP -MF"AtomicConsole.d" -MT"AtomicConsole.o" -o "AtomicConsole.o" "../AtomicConsole.c"
Finished building: ../AtomicConsole.c
 
Building file: ../ScopedMutex.cpp
Invoking: GCC C++ Compiler
g++ -std=c++1y -O0 -g3 -Wall -c -fmessage-length=0 -MMD -MP -MF"ScopedMutex.d" -MT"ScopedMutex.o" -o "ScopedMutex.o" "../ScopedMutex.cpp"
Finished building: ../ScopedMutex.cpp
 
Building file: ../SocketReadcond.c
Invoking: GCC C Compiler
gcc -O0 -g3 -Wall -c -fmessage-length=0 -MMD -MP -MF"SocketReadcond.d" -MT"SocketReadcond.o" -o "SocketReadcond.o" "../SocketReadcond.c"
Finished building: ../SocketReadcond.c
 
Building file: ../VNPE.c
Invoking: GCC C Compiler
gcc -O0 -g3 -Wall -c -fmessage-length=0 -MMD -MP -MF"VNPE.d" -MT"VNPE.o" -o "VNPE.o" "../VNPE.c"
Finished building: ../VNPE.c
 
Building file: ../ss_api.cpp
Invoking: GCC C++ Compiler
g++ -std=c++1y -O0 -g3 -Wall -c -fmessage-length=0 -MMD -MP -MF"ss_api.d" -MT"ss_api.o" -o "ss_api.o" "../ss_api.cpp"
Finished building: ../ss_api.cpp
 
Building target: libEnsc351.a
Invoking: GCC Archiver
ar -r  "libEnsc351.a"  ./AtomicConsole.o ./ScopedMutex.o ./SocketReadcond.o ./VNPE.o ./ss_api.o   
ar: creating libEnsc351.a
Finished building target: libEnsc351.a
 
00:52:47 **** Build of configuration Debug for project Ensc351x-myio ****
make all 
Building file: ../myIO.cpp
Invoking: GCC C++ Compiler
g++ -std=c++1y -I"/media/sf_U_ensc251/workspace-cpp-Neon3/Ensc351Part2/Ensc351Part2-soln-updated/Ensc351x-myio" -I"/media/sf_U_ensc251/workspace-cpp-Neon3/Ensc351Part2/Ensc351" -O0 -g3 -Wall -c -fmessage-length=0 -MMD -MP -MF"myIO.d" -MT"myIO.o" -o "myIO.o" "../myIO.cpp"
Finished building: ../myIO.cpp
 
Building target: libEnsc351x-myio.a
Invoking: GCC Archiver
ar -r  "libEnsc351x-myio.a"  ./myIO.o   
ar: creating libEnsc351x-myio.a
Finished building target: libEnsc351x-myio.a
 
00:52:52 **** Build of configuration Debug for project Ensc351xmodem ****
make all 
Building file: ../PeerX.cpp
Invoking: GCC C++ Compiler
g++ -std=c++1y -I"/media/sf_U_ensc251/workspace-cpp-Neon3/Ensc351Part2/Ensc351" -I"/media/sf_U_ensc251/workspace-cpp-Neon3/Ensc351Part2/Ensc351Part2-soln-updated/Ensc351x-myio" -I"/media/sf_U_ensc251/workspace-cpp-Neon3/Ensc351Part2/Ensc351Part2-soln-updated/Ensc351Part2CodedBySmartState/src" -O0 -g3 -Wall -c -fmessage-length=0 -MMD -MP -MF"PeerX.d" -MT"PeerX.o" -o "PeerX.o" "../PeerX.cpp"
Finished building: ../PeerX.cpp
 
Building file: ../ReceiverX.cpp
Invoking: GCC C++ Compiler
g++ -std=c++1y -I"/media/sf_U_ensc251/workspace-cpp-Neon3/Ensc351Part2/Ensc351" -I"/media/sf_U_ensc251/workspace-cpp-Neon3/Ensc351Part2/Ensc351Part2-soln-updated/Ensc351x-myio" -I"/media/sf_U_ensc251/workspace-cpp-Neon3/Ensc351Part2/Ensc351Part2-soln-updated/Ensc351Part2CodedBySmartState/src" -O0 -g3 -Wall -c -fmessage-length=0 -MMD -MP -MF"ReceiverX.d" -MT"ReceiverX.o" -o "ReceiverX.o" "../ReceiverX.cpp"
Finished building: ../ReceiverX.cpp
 
Building file: ../SenderX.cpp
Invoking: GCC C++ Compiler
g++ -std=c++1y -I"/media/sf_U_ensc251/workspace-cpp-Neon3/Ensc351Part2/Ensc351" -I"/media/sf_U_ensc251/workspace-cpp-Neon3/Ensc351Part2/Ensc351Part2-soln-updated/Ensc351x-myio" -I"/media/sf_U_ensc251/workspace-cpp-Neon3/Ensc351Part2/Ensc351Part2-soln-updated/Ensc351Part2CodedBySmartState/src" -O0 -g3 -Wall -c -fmessage-length=0 -MMD -MP -MF"SenderX.d" -MT"SenderX.o" -o "SenderX.o" "../SenderX.cpp"
Finished building: ../SenderX.cpp
 
Building target: libEnsc351xmodem.a
Invoking: GCC Archiver
ar -r  "libEnsc351xmodem.a"  ./PeerX.o ./ReceiverX.o ./SenderX.o   
ar: creating libEnsc351xmodem.a
Finished building target: libEnsc351xmodem.a
 
00:53:00 **** Build of configuration Debug for project Ensc351Part2SolnLib ****
make all 
Building file: ../Medium.cpp
Invoking: GCC C++ Compiler
g++ -std=c++1y -I"/media/sf_U_ensc251/workspace-cpp-Neon3/Ensc351Part2/Ensc351Part2-soln-updated/Ensc351x-myio" -I"/media/sf_U_ensc251/workspace-cpp-Neon3/Ensc351Part2/Ensc351" -I"/media/sf_U_ensc251/workspace-cpp-Neon3/Ensc351Part2/Ensc351Part2-soln-updated/Ensc351xmodem" -O0 -g3 -Wall -c -fmessage-length=0 -MMD -MP -MF"Medium.d" -MT"Medium.o" -o "Medium.o" "../Medium.cpp"
Finished building: ../Medium.cpp
 
Building file: ../main.cc
Invoking: GCC C++ Compiler
g++ -std=c++1y -I"/media/sf_U_ensc251/workspace-cpp-Neon3/Ensc351Part2/Ensc351Part2-soln-updated/Ensc351x-myio" -I"/media/sf_U_ensc251/workspace-cpp-Neon3/Ensc351Part2/Ensc351" -I"/media/sf_U_ensc251/workspace-cpp-Neon3/Ensc351Part2/Ensc351Part2-soln-updated/Ensc351xmodem" -O0 -g3 -Wall -c -fmessage-length=0 -MMD -MP -MF"main.d" -MT"main.o" -o "main.o" "../main.cc"
Finished building: ../main.cc
 
Building target: libEnsc351Part2SolnLib.a
Invoking: GCC Archiver
ar -r  "libEnsc351Part2SolnLib.a"  ./Medium.o ./main.o   
ar: creating libEnsc351Part2SolnLib.a
Finished building target: libEnsc351Part2SolnLib.a
 
00:53:08 **** Build of configuration Debug for project Ensc351Part2HandCoded ****
make all 
Building file: ../src/ReceiverSS.cpp
Invoking: GCC C++ Compiler
g++ -std=c++1y -I"/media/sf_U_ensc251/workspace-cpp-Neon3/Ensc351Part2/Ensc351Part2-soln-updated/Ensc351x-myio" -I"/media/sf_U_ensc251/workspace-cpp-Neon3/Ensc351Part2/Ensc351Part2-soln-updated/Ensc351xmodem" -I"/media/sf_U_ensc251/workspace-cpp-Neon3/Ensc351Part2/Ensc351" -O0 -g3 -Wall -c -fmessage-length=0 -MMD -MP -MF"src/ReceiverSS.d" -MT"src/ReceiverSS.o" -o "src/ReceiverSS.o" "../src/ReceiverSS.cpp"
Finished building: ../src/ReceiverSS.cpp
 
Building file: ../src/SenderSS.cpp
Invoking: GCC C++ Compiler
g++ -std=c++1y -I"/media/sf_U_ensc251/workspace-cpp-Neon3/Ensc351Part2/Ensc351Part2-soln-updated/Ensc351x-myio" -I"/media/sf_U_ensc251/workspace-cpp-Neon3/Ensc351Part2/Ensc351Part2-soln-updated/Ensc351xmodem" -I"/media/sf_U_ensc251/workspace-cpp-Neon3/Ensc351Part2/Ensc351" -O0 -g3 -Wall -c -fmessage-length=0 -MMD -MP -MF"src/SenderSS.d" -MT"src/SenderSS.o" -o "src/SenderSS.o" "../src/SenderSS.cpp"
Finished building: ../src/SenderSS.cpp
 
Building target: Ensc351Part2HandCoded
Invoking: GCC C++ Linker
g++ -L"/media/sf_U_ensc251/workspace-cpp-Neon3/Ensc351Part2/Ensc351Part2-soln-updated/Ensc351x-myio/Debug" -L"/media/sf_U_ensc251/workspace-cpp-Neon3/Ensc351Part2/Ensc351/Debug" -L"/media/sf_U_ensc251/workspace-cpp-Neon3/Ensc351Part2/Ensc351Part2-soln-updated/Ensc351xmodem/Debug" -L"/media/sf_U_ensc251/workspace-cpp-Neon3/Ensc351Part2/Ensc351Part2-soln-updated/Ensc351Part2SolnLib/Debug" -o "Ensc351Part2HandCoded"  ./src/ReceiverSS.o ./src/SenderSS.o   -lEnsc351Part2SolnLib -lEnsc351xmodem -lEnsc351x-myio -lEnsc351 -lpthread
Finished building target: Ensc351Part2HandCoded
 
00:53:19 **** Build of configuration Debug for project Ensc351Part2CodedBySmartState ****
make all 
Building file: ../src/ReceiverSS.cpp
Invoking: GCC C++ Compiler
g++ -std=c++1y -I"/media/sf_U_ensc251/workspace-cpp-Neon3/Ensc351Part2/Ensc351Part2-soln-updated/Ensc351x-myio" -I"/media/sf_U_ensc251/workspace-cpp-Neon3/Ensc351Part2/Ensc351Part2-soln-updated/Ensc351xmodem" -I"/media/sf_U_ensc251/workspace-cpp-Neon3/Ensc351Part2/Ensc351" -O0 -g3 -Wall -c -fmessage-length=0 -Wno-unused-variable -Wno-unknown-pragmas -MMD -MP -MF"src/ReceiverSS.d" -MT"src/ReceiverSS.o" -o "src/ReceiverSS.o" "../src/ReceiverSS.cpp"
Finished building: ../src/ReceiverSS.cpp
 
Building file: ../src/SenderSS.cpp
Invoking: GCC C++ Compiler
g++ -std=c++1y -I"/media/sf_U_ensc251/workspace-cpp-Neon3/Ensc351Part2/Ensc351Part2-soln-updated/Ensc351x-myio" -I"/media/sf_U_ensc251/workspace-cpp-Neon3/Ensc351Part2/Ensc351Part2-soln-updated/Ensc351xmodem" -I"/media/sf_U_ensc251/workspace-cpp-Neon3/Ensc351Part2/Ensc351" -O0 -g3 -Wall -c -fmessage-length=0 -Wno-unused-variable -Wno-unknown-pragmas -MMD -MP -MF"src/SenderSS.d" -MT"src/SenderSS.o" -o "src/SenderSS.o" "../src/SenderSS.cpp"
Finished building: ../src/SenderSS.cpp
 
Building target: Ensc351Part2CodedBySmartState
Invoking: GCC C++ Linker
g++ -L"/media/sf_U_ensc251/workspace-cpp-Neon3/Ensc351Part2/Ensc351Part2-soln-updated/Ensc351x-myio/Debug" -L"/media/sf_U_ensc251/workspace-cpp-Neon3/Ensc351Part2/Ensc351/Debug" -L"/media/sf_U_ensc251/workspace-cpp-Neon3/Ensc351Part2/Ensc351Part2-soln-updated/Ensc351xmodem/Debug" -L"/media/sf_U_ensc251/workspace-cpp-Neon3/Ensc351Part2/Ensc351Part2-soln-updated/Ensc351Part2SolnLib/Debug" -o "Ensc351Part2CodedBySmartState"  ./src/ReceiverSS.o ./src/SenderSS.o   -lEnsc351Part2SolnLib -lEnsc351x-myio -lEnsc351xmodem -lEnsc351 -lpthread
Finished building target: Ensc351Part2CodedBySmartState
 
00:53:54 **** Incremental Build of configuration Debug for project Ensc351 ****
make all 
make: Nothing to be done for 'all'.
00:53:54 **** Incremental Build of configuration Debug for project Ensc351x-myio ****
make all 
make: Nothing to be done for 'all'.
00:53:55 **** Incremental Build of configuration Debug for project Ensc351xmodem ****
make all 
make: Nothing to be done for 'all'.
00:53:55 **** Incremental Build of configuration Debug for project Ensc351Part2SolnLib ****
make all 
make: Nothing to be done for 'all'.
00:53:56 **** Incremental Build of configuration Debug for project Ensc351Part2HandCoded ****
make all 
make: Nothing to be done for 'all'.
18:51:07 **** Clean-only build of configuration Debug for project Ensc351 ****
make clean 
rm -rf  ./AtomicConsole.o ./ScopedMutex.o ./SocketReadcond.o ./VNPE.o ./ss_api.o  ./ScopedMutex.d ./ss_api.d  ./AtomicConsole.d ./SocketReadcond.d ./VNPE.d  libEnsc351.a
 
18:51:08 **** Clean-only build of configuration Debug for project Ensc351Part2CodedBySmartState ****
make clean 
rm -rf  ./src/ReceiverSS.o ./src/SenderSS.o  ./src/ReceiverSS.d ./src/SenderSS.d  Ensc351Part2CodedBySmartState
 
18:51:08 **** Clean-only build of configuration Debug for project Ensc351Part2HandCoded ****
make clean 
rm -rf  ./src/ReceiverSS.o ./src/SenderSS.o  ./src/ReceiverSS.d ./src/SenderSS.d  Ensc351Part2HandCoded
 
18:51:09 **** Clean-only build of configuration Debug for project Ensc351Part2SolnLib ****
make clean 
rm -rf  ./main.d  ./Medium.o ./main.o  ./Medium.d  libEnsc351Part2SolnLib.a
 
18:51:09 **** Clean-only build of configuration Debug for project Ensc351x-myio ****
make clean 
rm -rf  ./myIO.o  ./myIO.d  libEnsc351x-myio.a
 
18:51:09 **** Clean-only build of configuration Debug for project Ensc351xmodem ****
make clean 
rm -rf  ./PeerX.o ./ReceiverX.o ./SenderX.o  ./PeerX.d ./ReceiverX.d ./SenderX.d  libEnsc351xmodem.a
 
18:51:15 **** Build of configuration Debug for project Ensc351 ****
make all 
Building file: ../AtomicConsole.c
Invoking: GCC C Compiler
gcc -O0 -g3 -Wall -c -fmessage-length=0 -MMD -MP -MF"AtomicConsole.d" -MT"AtomicConsole.o" -o "AtomicConsole.o" "../AtomicConsole.c"
Finished building: ../AtomicConsole.c
 
Building file: ../ScopedMutex.cpp
Invoking: GCC C++ Compiler
g++ -std=c++1y -O0 -g3 -Wall -c -fmessage-length=0 -MMD -MP -MF"ScopedMutex.d" -MT"ScopedMutex.o" -o "ScopedMutex.o" "../ScopedMutex.cpp"
Finished building: ../ScopedMutex.cpp
 
Building file: ../SocketReadcond.c
Invoking: GCC C Compiler
gcc -O0 -g3 -Wall -c -fmessage-length=0 -MMD -MP -MF"SocketReadcond.d" -MT"SocketReadcond.o" -o "SocketReadcond.o" "../SocketReadcond.c"
Finished building: ../SocketReadcond.c
 
Building file: ../VNPE.c
Invoking: GCC C Compiler
gcc -O0 -g3 -Wall -c -fmessage-length=0 -MMD -MP -MF"VNPE.d" -MT"VNPE.o" -o "VNPE.o" "../VNPE.c"
Finished building: ../VNPE.c
 
Building file: ../ss_api.cpp
Invoking: GCC C++ Compiler
g++ -std=c++1y -O0 -g3 -Wall -c -fmessage-length=0 -MMD -MP -MF"ss_api.d" -MT"ss_api.o" -o "ss_api.o" "../ss_api.cpp"
Finished building: ../ss_api.cpp
 
Building target: libEnsc351.a
Invoking: GCC Archiver
ar -r  "libEnsc351.a"  ./AtomicConsole.o ./ScopedMutex.o ./SocketReadcond.o ./VNPE.o ./ss_api.o   
ar: creating libEnsc351.a
Finished building target: libEnsc351.a
 
18:51:22 **** Build of configuration Debug for project Ensc351x-myio ****
make all 
Building file: ../myIO.cpp
Invoking: GCC C++ Compiler
g++ -std=c++1y -I"/media/sf_U_ensc251/workspace-cpp-Neon3/Ensc351Part2/Ensc351Part2-soln-updated/Ensc351x-myio-Circbuf" -I"/media/sf_U_ensc251/workspace-cpp-Neon3/Ensc351Part2/Ensc351" -O0 -g3 -Wall -c -fmessage-length=0 -MMD -MP -MF"myIO.d" -MT"myIO.o" -o "myIO.o" "../myIO.cpp"
Finished building: ../myIO.cpp
 
Building target: libEnsc351x-myio.a
Invoking: GCC Archiver
ar -r  "libEnsc351x-myio.a"  ./myIO.o   
ar: creating libEnsc351x-myio.a
Finished building target: libEnsc351x-myio.a
 
18:51:28 **** Build of configuration Debug for project Ensc351xmodem ****
make all 
Building file: ../PeerX.cpp
Invoking: GCC C++ Compiler
g++ -std=c++1y -I"/media/sf_U_ensc251/workspace-cpp-Neon3/Ensc351Part2/Ensc351" -I"/media/sf_U_ensc251/workspace-cpp-Neon3/Ensc351Part2/Ensc351Part2-soln-updated/Ensc351x-myio-Circbuf" -I"/media/sf_U_ensc251/workspace-cpp-Neon3/Ensc351Part2/Ensc351Part2-soln-updated/Ensc351Part2CodedBySmartState/src" -O0 -g3 -Wall -c -fmessage-length=0 -MMD -MP -MF"PeerX.d" -MT"PeerX.o" -o "PeerX.o" "../PeerX.cpp"
Finished building: ../PeerX.cpp
 
Building file: ../ReceiverX.cpp
Invoking: GCC C++ Compiler
g++ -std=c++1y -I"/media/sf_U_ensc251/workspace-cpp-Neon3/Ensc351Part2/Ensc351" -I"/media/sf_U_ensc251/workspace-cpp-Neon3/Ensc351Part2/Ensc351Part2-soln-updated/Ensc351x-myio-Circbuf" -I"/media/sf_U_ensc251/workspace-cpp-Neon3/Ensc351Part2/Ensc351Part2-soln-updated/Ensc351Part2CodedBySmartState/src" -O0 -g3 -Wall -c -fmessage-length=0 -MMD -MP -MF"ReceiverX.d" -MT"ReceiverX.o" -o "ReceiverX.o" "../ReceiverX.cpp"
Finished building: ../ReceiverX.cpp
 
Building file: ../SenderX.cpp
Invoking: GCC C++ Compiler
g++ -std=c++1y -I"/media/sf_U_ensc251/workspace-cpp-Neon3/Ensc351Part2/Ensc351" -I"/media/sf_U_ensc251/workspace-cpp-Neon3/Ensc351Part2/Ensc351Part2-soln-updated/Ensc351x-myio-Circbuf" -I"/media/sf_U_ensc251/workspace-cpp-Neon3/Ensc351Part2/Ensc351Part2-soln-updated/Ensc351Part2CodedBySmartState/src" -O0 -g3 -Wall -c -fmessage-length=0 -MMD -MP -MF"SenderX.d" -MT"SenderX.o" -o "SenderX.o" "../SenderX.cpp"
Finished building: ../SenderX.cpp
 
Building target: libEnsc351xmodem.a
Invoking: GCC Archiver
ar -r  "libEnsc351xmodem.a"  ./PeerX.o ./ReceiverX.o ./SenderX.o   
ar: creating libEnsc351xmodem.a
Finished building target: libEnsc351xmodem.a
 
18:51:37 **** Build of configuration Debug for project Ensc351Part2SolnLib ****
make all 
Building file: ../Medium.cpp
Invoking: GCC C++ Compiler
g++ -std=c++1y -I"/media/sf_U_ensc251/workspace-cpp-Neon3/Ensc351Part2/Ensc351Part2-soln-updated/Ensc351x-myio-Circbuf" -I"/media/sf_U_ensc251/workspace-cpp-Neon3/Ensc351Part2/Ensc351" -I"/media/sf_U_ensc251/workspace-cpp-Neon3/Ensc351Part2/Ensc351Part2-soln-updated/Ensc351xmodem" -O0 -g3 -Wall -c -fmessage-length=0 -MMD -MP -MF"Medium.d" -MT"Medium.o" -o "Medium.o" "../Medium.cpp"
Finished building: ../Medium.cpp
 
Building file: ../main.cc
Invoking: GCC C++ Compiler
g++ -std=c++1y -I"/media/sf_U_ensc251/workspace-cpp-Neon3/Ensc351Part2/Ensc351Part2-soln-updated/Ensc351x-myio-Circbuf" -I"/media/sf_U_ensc251/workspace-cpp-Neon3/Ensc351Part2/Ensc351" -I"/media/sf_U_ensc251/workspace-cpp-Neon3/Ensc351Part2/Ensc351Part2-soln-updated/Ensc351xmodem" -O0 -g3 -Wall -c -fmessage-length=0 -MMD -MP -MF"main.d" -MT"main.o" -o "main.o" "../main.cc"
Finished building: ../main.cc
 
Building target: libEnsc351Part2SolnLib.a
Invoking: GCC Archiver
ar -r  "libEnsc351Part2SolnLib.a"  ./Medium.o ./main.o   
ar: creating libEnsc351Part2SolnLib.a
Finished building target: libEnsc351Part2SolnLib.a
 
18:51:46 **** Build of configuration Debug for project Ensc351Part2HandCoded ****
make all 
Building file: ../src/ReceiverSS.cpp
Invoking: GCC C++ Compiler
g++ -std=c++1y -I"/media/sf_U_ensc251/workspace-cpp-Neon3/Ensc351Part2/Ensc351Part2-soln-updated/Ensc351x-myio-Circbuf" -I"/media/sf_U_ensc251/workspace-cpp-Neon3/Ensc351Part2/Ensc351Part2-soln-updated/Ensc351xmodem" -I"/media/sf_U_ensc251/workspace-cpp-Neon3/Ensc351Part2/Ensc351" -O0 -g3 -Wall -c -fmessage-length=0 -MMD -MP -MF"src/ReceiverSS.d" -MT"src/ReceiverSS.o" -o "src/ReceiverSS.o" "../src/ReceiverSS.cpp"
Finished building: ../src/ReceiverSS.cpp
 
Building file: ../src/SenderSS.cpp
Invoking: GCC C++ Compiler
g++ -std=c++1y -I"/media/sf_U_ensc251/workspace-cpp-Neon3/Ensc351Part2/Ensc351Part2-soln-updated/Ensc351x-myio-Circbuf" -I"/media/sf_U_ensc251/workspace-cpp-Neon3/Ensc351Part2/Ensc351Part2-soln-updated/Ensc351xmodem" -I"/media/sf_U_ensc251/workspace-cpp-Neon3/Ensc351Part2/Ensc351" -O0 -g3 -Wall -c -fmessage-length=0 -MMD -MP -MF"src/SenderSS.d" -MT"src/SenderSS.o" -o "src/SenderSS.o" "../src/SenderSS.cpp"
Finished building: ../src/SenderSS.cpp
 
Building target: Ensc351Part2HandCoded
Invoking: GCC C++ Linker
g++ -L"/media/sf_U_ensc251/workspace-cpp-Neon3/Ensc351Part2/Ensc351Part2-soln-updated/Ensc351x-myio-Circbuf/Debug" -L"/media/sf_U_ensc251/workspace-cpp-Neon3/Ensc351Part2/Ensc351/Debug" -L"/media/sf_U_ensc251/workspace-cpp-Neon3/Ensc351Part2/Ensc351Part2-soln-updated/Ensc351xmodem/Debug" -L"/media/sf_U_ensc251/workspace-cpp-Neon3/Ensc351Part2/Ensc351Part2-soln-updated/Ensc351Part2SolnLib/Debug" -o "Ensc351Part2HandCoded"  ./src/ReceiverSS.o ./src/SenderSS.o   -lEnsc351Part2SolnLib -lEnsc351xmodem -lEnsc351x-myio -lEnsc351 -lpthread
Finished building target: Ensc351Part2HandCoded
 
18:51:57 **** Build of configuration Debug for project Ensc351Part2CodedBySmartState ****
make all 
Building file: ../src/ReceiverSS.cpp
Invoking: GCC C++ Compiler
g++ -std=c++1y -I"/media/sf_U_ensc251/workspace-cpp-Neon3/Ensc351Part2/Ensc351Part2-soln-updated/Ensc351x-myio-Circbuf" -I"/media/sf_U_ensc251/workspace-cpp-Neon3/Ensc351Part2/Ensc351Part2-soln-updated/Ensc351xmodem" -I"/media/sf_U_ensc251/workspace-cpp-Neon3/Ensc351Part2/Ensc351" -O0 -g3 -Wall -c -fmessage-length=0 -Wno-unused-variable -Wno-unknown-pragmas -MMD -MP -MF"src/ReceiverSS.d" -MT"src/ReceiverSS.o" -o "src/ReceiverSS.o" "../src/ReceiverSS.cpp"
Finished building: ../src/ReceiverSS.cpp
 
Building file: ../src/SenderSS.cpp
Invoking: GCC C++ Compiler
g++ -std=c++1y -I"/media/sf_U_ensc251/workspace-cpp-Neon3/Ensc351Part2/Ensc351Part2-soln-updated/Ensc351x-myio-Circbuf" -I"/media/sf_U_ensc251/workspace-cpp-Neon3/Ensc351Part2/Ensc351Part2-soln-updated/Ensc351xmodem" -I"/media/sf_U_ensc251/workspace-cpp-Neon3/Ensc351Part2/Ensc351" -O0 -g3 -Wall -c -fmessage-length=0 -Wno-unused-variable -Wno-unknown-pragmas -MMD -MP -MF"src/SenderSS.d" -MT"src/SenderSS.o" -o "src/SenderSS.o" "../src/SenderSS.cpp"
Finished building: ../src/SenderSS.cpp
 
Building target: Ensc351Part2CodedBySmartState
Invoking: GCC C++ Linker
g++ -L"/media/sf_U_ensc251/workspace-cpp-Neon3/Ensc351Part2/Ensc351Part2-soln-updated/Ensc351x-myio-Circbuf/Debug" -L"/media/sf_U_ensc251/workspace-cpp-Neon3/Ensc351Part2/Ensc351/Debug" -L"/media/sf_U_ensc251/workspace-cpp-Neon3/Ensc351Part2/Ensc351Part2-soln-updated/Ensc351xmodem/Debug" -L"/media/sf_U_ensc251/workspace-cpp-Neon3/Ensc351Part2/Ensc351Part2-soln-updated/Ensc351Part2SolnLib/Debug" -o "Ensc351Part2CodedBySmartState"  ./src/ReceiverSS.o ./src/SenderSS.o   -lEnsc351Part2SolnLib -lEnsc351x-myio -lEnsc351xmodem -lEnsc351 -lpthread
Finished building target: Ensc351Part2CodedBySmartState
 
18:53:18 **** Incremental Build of configuration Debug for project Ensc351 ****
make all 
make: Nothing to be done for 'all'.
18:53:19 **** Incremental Build of configuration Debug for project Ensc351x-myio ****
make all 
make: Nothing to be done for 'all'.
18:53:19 **** Incremental Build of configuration Debug for project Ensc351xmodem ****
make all 
make: Nothing to be done for 'all'.
18:53:20 **** Incremental Build of configuration Debug for project Ensc351Part2SolnLib ****
make all 
Building file: ../Medium.cpp
Invoking: GCC C++ Compiler
g++ -std=c++1y -I"/media/sf_U_ensc251/workspace-cpp-Neon3/Ensc351Part2/Ensc351Part2-soln-updated/Ensc351x-myio-Circbuf" -I"/media/sf_U_ensc251/workspace-cpp-Neon3/Ensc351Part2/Ensc351" -I"/media/sf_U_ensc251/workspace-cpp-Neon3/Ensc351Part2/Ensc351Part2-soln-updated/Ensc351xmodem" -O0 -g3 -Wall -c -fmessage-length=0 -MMD -MP -MF"Medium.d" -MT"Medium.o" -o "Medium.o" "../Medium.cpp"
Finished building: ../Medium.cpp
 
Building file: ../main.cc
Invoking: GCC C++ Compiler
g++ -std=c++1y -I"/media/sf_U_ensc251/workspace-cpp-Neon3/Ensc351Part2/Ensc351Part2-soln-updated/Ensc351x-myio-Circbuf" -I"/media/sf_U_ensc251/workspace-cpp-Neon3/Ensc351Part2/Ensc351" -I"/media/sf_U_ensc251/workspace-cpp-Neon3/Ensc351Part2/Ensc351Part2-soln-updated/Ensc351xmodem" -O0 -g3 -Wall -c -fmessage-length=0 -MMD -MP -MF"main.d" -MT"main.o" -o "main.o" "../main.cc"
Finished building: ../main.cc
 
Building target: libEnsc351Part2SolnLib.a
Invoking: GCC Archiver
ar -r  "libEnsc351Part2SolnLib.a"  ./Medium.o ./main.o   
ar: creating libEnsc351Part2SolnLib.a
Finished building target: libEnsc351Part2SolnLib.a
 
18:53:24 **** Incremental Build of configuration Debug for project Ensc351Part2HandCoded ****
make all 
Building target: Ensc351Part2HandCoded
Invoking: GCC C++ Linker
g++ -L"/media/sf_U_ensc251/workspace-cpp-Neon3/Ensc351Part2/Ensc351Part2-soln-updated/Ensc351x-myio-Circbuf/Debug" -L"/media/sf_U_ensc251/workspace-cpp-Neon3/Ensc351Part2/Ensc351/Debug" -L"/media/sf_U_ensc251/workspace-cpp-Neon3/Ensc351Part2/Ensc351Part2-soln-updated/Ensc351xmodem/Debug" -L"/media/sf_U_ensc251/workspace-cpp-Neon3/Ensc351Part2/Ensc351Part2-soln-updated/Ensc351Part2SolnLib/Debug" -o "Ensc351Part2HandCoded"  ./src/ReceiverSS.o ./src/SenderSS.o   -lEnsc351Part2SolnLib -lEnsc351xmodem -lEnsc351x-myio -lEnsc351 -lpthread
Finished building target: Ensc351Part2HandCoded
 
